{"/Users/jamesha/dev/ambitiondesign/software/ambitiondesign/portal/server/src/index.js":{"path":"/Users/jamesha/dev/ambitiondesign/software/ambitiondesign/portal/server/src/index.js","statementMap":{"0":{"start":{"line":3,"column":29},"end":{"line":3,"column":84}},"1":{"start":{"line":5,"column":0},"end":{"line":7,"column":3}},"2":{"start":{"line":8,"column":0},"end":{"line":8,"column":28}},"3":{"start":{"line":10,"column":15},"end":{"line":10,"column":57}},"4":{"start":{"line":12,"column":12},"end":{"line":12,"column":51}},"5":{"start":{"line":14,"column":10},"end":{"line":14,"column":47}},"6":{"start":{"line":16,"column":18},"end":{"line":16,"column":72}},"7":{"start":{"line":18,"column":18},"end":{"line":18,"column":72}},"8":{"start":{"line":20,"column":14},"end":{"line":20,"column":55}},"9":{"start":{"line":22,"column":0},"end":{"line":22,"column":28}},"10":{"start":{"line":24,"column":10},"end":{"line":24,"column":36}},"11":{"start":{"line":25,"column":0},"end":{"line":25,"column":33}},"12":{"start":{"line":26,"column":0},"end":{"line":26,"column":36}},"13":{"start":{"line":27,"column":0},"end":{"line":29,"column":4}},"14":{"start":{"line":30,"column":0},"end":{"line":34,"column":3}},"15":{"start":{"line":31,"column":2},"end":{"line":33,"column":5}},"16":{"start":{"line":35,"column":0},"end":{"line":35,"column":45}},"17":{"start":{"line":36,"column":0},"end":{"line":36,"column":45}},"18":{"start":{"line":37,"column":0},"end":{"line":39,"column":3}},"19":{"start":{"line":38,"column":2},"end":{"line":38,"column":81}},"20":{"start":{"line":40,"column":15},"end":{"line":40,"column":18}},"21":{"start":{"line":41,"column":0},"end":{"line":41,"column":30}}},"fnMap":{"0":{"name":"(anonymous_0)","decl":{"start":{"line":30,"column":28},"end":{"line":30,"column":29}},"loc":{"start":{"line":30,"column":48},"end":{"line":34,"column":1}},"line":30},"1":{"name":"(anonymous_1)","decl":{"start":{"line":37,"column":37},"end":{"line":37,"column":38}},"loc":{"start":{"line":37,"column":49},"end":{"line":39,"column":1}},"line":37}},"branchMap":{"0":{"loc":{"start":{"line":37,"column":11},"end":{"line":37,"column":35}},"type":"binary-expr","locations":[{"start":{"line":37,"column":11},"end":{"line":37,"column":27}},{"start":{"line":37,"column":31},"end":{"line":37,"column":35}}],"line":37},"1":{"loc":{"start":{"line":38,"column":49},"end":{"line":38,"column":73}},"type":"binary-expr","locations":[{"start":{"line":38,"column":49},"end":{"line":38,"column":65}},{"start":{"line":38,"column":69},"end":{"line":38,"column":73}}],"line":38}},"s":{"0":1,"1":1,"2":1,"3":1,"4":1,"5":1,"6":1,"7":1,"8":1,"9":1,"10":1,"11":1,"12":1,"13":1,"14":1,"15":0,"16":1,"17":1,"18":1,"19":1,"20":1,"21":1},"f":{"0":0,"1":1},"b":{"0":[1,1],"1":[1,1]},"inputSourceMap":{"version":3,"sources":["index.js"],"names":["dotenv","config","app","use","express","json","urlencoded","extended","get","req","res","send","username","os","userInfo","authRoutes","userRoutes","listen","process","env","PORT","console","log"],"mappings":";;;;;;;;;AAAA;;AACA;;AACA;;AACA;;AACA;;AACA;;AAEAA,mBAAOC,MAAP;;AAEA,IAAMC,GAAG,GAAG,0BAAZ;AAEAA,GAAG,CAACC,GAAJ,CAAQ,uBAAR;AACAD,GAAG,CAACC,GAAJ,CAAQC,oBAAQC,IAAR,EAAR;AACAH,GAAG,CAACC,GAAJ,CAAQC,oBAAQE,UAAR,CAAmB;AAAEC,EAAAA,QAAQ,EAAE;AAAZ,CAAnB,CAAR;AAEAL,GAAG,CAACM,GAAJ,CAAQ,kBAAR,EAA4B,UAACC,GAAD,EAAMC,GAAN;AAAA,SAAcA,GAAG,CAACC,IAAJ,CAAS;AAAEC,IAAAA,QAAQ,EAAEC,eAAGC,QAAH,GAAcF;AAA1B,GAAT,CAAd;AAAA,CAA5B;AAEAV,GAAG,CAACC,GAAJ,CAAQ,WAAR,EAAqBY,sBAArB;AACAb,GAAG,CAACC,GAAJ,CAAQ,WAAR,EAAqBa,sBAArB;AAEAd,GAAG,CAACe,MAAJ,CAAWC,OAAO,CAACC,GAAR,CAAYC,IAAZ,IAAoB,IAA/B,EAAqC;AAAA,SAAMC,OAAO,CAACC,GAAR,6BAAiCJ,OAAO,CAACC,GAAR,CAAYC,IAAZ,IAAoB,IAArD,OAAN;AAAA,CAArC;eAEelB,G","sourceRoot":"/Users/jamesha/dev/ambitiondesign/software/ambitiondesign/portal/server/src","sourcesContent":["import express from 'express';\nimport cors from 'cors';\nimport os from 'os';\nimport authRoutes from './routes/AuthRoutes';\nimport userRoutes from './routes/UserRoutes';\nimport dotenv from 'dotenv';\n\ndotenv.config();\n\nconst app = express();\n\napp.use(cors());\napp.use(express.json());\napp.use(express.urlencoded({ extended: false }));\n\napp.get('/api/getUsername', (req, res) => res.send({ username: os.userInfo().username }));\n\napp.use('/api/auth', authRoutes);\napp.use('/api/user', userRoutes);\n\napp.listen(process.env.PORT || 8080, () => console.log(`Listening on port ${process.env.PORT || 8080}!`));\n\nexport default app;\n"]},"_coverageSchema":"1a1c01bbd47fc00a2c39e90264f33305004495a9","hash":"84148a24063836fb5ac628bd922f5f1c01200d0a","contentHash":"6aa10b333f8b8dff16eccbe4feed4206d855d37dc05cf9b6367b13ca1a7df890"},"/Users/jamesha/dev/ambitiondesign/software/ambitiondesign/portal/server/src/routes/AuthRoutes.js":{"path":"/Users/jamesha/dev/ambitiondesign/software/ambitiondesign/portal/server/src/routes/AuthRoutes.js","statementMap":{"0":{"start":{"line":3,"column":29},"end":{"line":3,"column":84}},"1":{"start":{"line":5,"column":0},"end":{"line":7,"column":3}},"2":{"start":{"line":8,"column":0},"end":{"line":8,"column":28}},"3":{"start":{"line":10,"column":15},"end":{"line":10,"column":33}},"4":{"start":{"line":12,"column":22},"end":{"line":12,"column":86}},"5":{"start":{"line":14,"column":12},"end":{"line":14,"column":59}},"6":{"start":{"line":16,"column":13},"end":{"line":16,"column":35}},"7":{"start":{"line":17,"column":0},"end":{"line":17,"column":58}},"8":{"start":{"line":18,"column":0},"end":{"line":18,"column":58}},"9":{"start":{"line":19,"column":0},"end":{"line":19,"column":86}},"10":{"start":{"line":20,"column":0},"end":{"line":20,"column":58}},"11":{"start":{"line":21,"column":0},"end":{"line":21,"column":75}},"12":{"start":{"line":22,"column":0},"end":{"line":22,"column":63}},"13":{"start":{"line":23,"column":15},"end":{"line":23,"column":21}},"14":{"start":{"line":24,"column":0},"end":{"line":24,"column":30}}},"fnMap":{},"branchMap":{},"s":{"0":1,"1":1,"2":1,"3":1,"4":1,"5":1,"6":1,"7":1,"8":1,"9":1,"10":1,"11":1,"12":1,"13":1,"14":1},"f":{},"b":{},"inputSourceMap":{"version":3,"sources":["AuthRoutes.js"],"names":["router","post","AuthController","signup","signin","auth","passwordChange","forgot","get","validateResetToken","reset"],"mappings":";;;;;;;;;AAAA;;AACA;;AACA;;AAEA,IAAMA,MAAM,GAAG,sBAAf;AAEAA,MAAM,CAACC,IAAP,CAAY,SAAZ,EAAuBC,2BAAeC,MAAtC;AACAH,MAAM,CAACC,IAAP,CAAY,SAAZ,EAAuBC,2BAAeE,MAAtC;AAEAJ,MAAM,CAACC,IAAP,CAAY,WAAZ,EAAyBI,gBAAzB,EAA+BH,2BAAeI,cAA9C;AAEAN,MAAM,CAACC,IAAP,CAAY,SAAZ,EAAuBC,2BAAeK,MAAtC;AAEAP,MAAM,CAACQ,GAAP,CAAW,eAAX,EAA4BN,2BAAeO,kBAA3C;AACAT,MAAM,CAACC,IAAP,CAAY,eAAZ,EAA6BC,2BAAeQ,KAA5C;eAEeV,M","sourceRoot":"/Users/jamesha/dev/ambitiondesign/software/ambitiondesign/portal/server/src/routes","sourcesContent":["import { Router } from 'express';\nimport AuthController from '../controllers/AuthController';\nimport auth from '../util/auth';\n\nconst router = Router();\n\nrouter.post('/signup', AuthController.signup);\nrouter.post('/signin', AuthController.signin);\n\nrouter.post('/password', auth, AuthController.passwordChange);\n\nrouter.post('/forgot', AuthController.forgot);\n\nrouter.get('/reset/:token', AuthController.validateResetToken);\nrouter.post('/reset/:token', AuthController.reset);\n\nexport default router;"]},"_coverageSchema":"1a1c01bbd47fc00a2c39e90264f33305004495a9","hash":"5b40878a29dced5d9aa1cd090c28b86ed993afb7","contentHash":"fa25fa35b41df3d6987ed425396e08a488eacb2f4ec4a496519c6f3eacee2d73"},"/Users/jamesha/dev/ambitiondesign/software/ambitiondesign/portal/server/src/controllers/AuthController.js":{"path":"/Users/jamesha/dev/ambitiondesign/software/ambitiondesign/portal/server/src/controllers/AuthController.js","statementMap":{"0":{"start":{"line":3,"column":29},"end":{"line":3,"column":84}},"1":{"start":{"line":5,"column":0},"end":{"line":7,"column":3}},"2":{"start":{"line":8,"column":0},"end":{"line":8,"column":28}},"3":{"start":{"line":10,"column":19},"end":{"line":10,"column":80}},"4":{"start":{"line":12,"column":25},"end":{"line":12,"column":99}},"5":{"start":{"line":14,"column":23},"end":{"line":14,"column":95}},"6":{"start":{"line":16,"column":20},"end":{"line":16,"column":89}},"7":{"start":{"line":18,"column":20},"end":{"line":18,"column":67}},"8":{"start":{"line":20,"column":17},"end":{"line":20,"column":61}},"9":{"start":{"line":22,"column":14},"end":{"line":22,"column":55}},"10":{"start":{"line":24,"column":19},"end":{"line":24,"column":77}},"11":{"start":{"line":26,"column":13},"end":{"line":26,"column":61}},"12":{"start":{"line":28,"column":11},"end":{"line":28,"column":34}},"13":{"start":{"line":32,"column":0},"end":{"line":461,"column":3}},"14":{"start":{"line":34,"column":4},"end":{"line":34,"column":59}},"15":{"start":{"line":37,"column":2},"end":{"line":459,"column":6}},"16":{"start":{"line":40,"column":20},"end":{"line":91,"column":9}},"17":{"start":{"line":45,"column":8},"end":{"line":90,"column":37}},"18":{"start":{"line":46,"column":10},"end":{"line":89,"column":11}},"19":{"start":{"line":47,"column":12},"end":{"line":88,"column":13}},"20":{"start":{"line":49,"column":16},"end":{"line":49,"column":157}},"21":{"start":{"line":51,"column":16},"end":{"line":54,"column":17}},"22":{"start":{"line":52,"column":18},"end":{"line":52,"column":36}},"23":{"start":{"line":53,"column":18},"end":{"line":53,"column":24}},"24":{"start":{"line":56,"column":16},"end":{"line":56,"column":65}},"25":{"start":{"line":57,"column":16},"end":{"line":57,"column":65}},"26":{"start":{"line":60,"column":16},"end":{"line":60,"column":34}},"27":{"start":{"line":61,"column":16},"end":{"line":61,"column":34}},"28":{"start":{"line":62,"column":16},"end":{"line":62,"column":66}},"29":{"start":{"line":65,"column":16},"end":{"line":65,"column":37}},"30":{"start":{"line":66,"column":16},"end":{"line":66,"column":42}},"31":{"start":{"line":67,"column":16},"end":{"line":72,"column":19}},"32":{"start":{"line":73,"column":16},"end":{"line":76,"column":19}},"33":{"start":{"line":77,"column":16},"end":{"line":77,"column":65}},"34":{"start":{"line":80,"column":16},"end":{"line":80,"column":35}},"35":{"start":{"line":81,"column":16},"end":{"line":81,"column":51}},"36":{"start":{"line":82,"column":16},"end":{"line":82,"column":48}},"37":{"start":{"line":83,"column":16},"end":{"line":83,"column":65}},"38":{"start":{"line":87,"column":16},"end":{"line":87,"column":39}},"39":{"start":{"line":94,"column":8},"end":{"line":94,"column":46}},"40":{"start":{"line":97,"column":6},"end":{"line":97,"column":20}},"41":{"start":{"line":102,"column":20},"end":{"line":166,"column":9}},"42":{"start":{"line":107,"column":8},"end":{"line":165,"column":38}},"43":{"start":{"line":108,"column":10},"end":{"line":164,"column":11}},"44":{"start":{"line":109,"column":12},"end":{"line":163,"column":13}},"45":{"start":{"line":111,"column":16},"end":{"line":111,"column":35}},"46":{"start":{"line":112,"column":16},"end":{"line":112,"column":96}},"47":{"start":{"line":113,"column":16},"end":{"line":113,"column":35}},"48":{"start":{"line":114,"column":16},"end":{"line":114,"column":62}},"49":{"start":{"line":117,"column":16},"end":{"line":117,"column":38}},"50":{"start":{"line":119,"column":16},"end":{"line":122,"column":17}},"51":{"start":{"line":120,"column":18},"end":{"line":120,"column":37}},"52":{"start":{"line":121,"column":18},"end":{"line":121,"column":24}},"53":{"start":{"line":124,"column":16},"end":{"line":124,"column":71}},"54":{"start":{"line":127,"column":16},"end":{"line":127,"column":35}},"55":{"start":{"line":128,"column":16},"end":{"line":128,"column":89}},"56":{"start":{"line":131,"column":16},"end":{"line":131,"column":49}},"57":{"start":{"line":133,"column":16},"end":{"line":136,"column":17}},"58":{"start":{"line":134,"column":18},"end":{"line":134,"column":38}},"59":{"start":{"line":135,"column":18},"end":{"line":135,"column":24}},"60":{"start":{"line":138,"column":16},"end":{"line":138,"column":71}},"61":{"start":{"line":141,"column":16},"end":{"line":141,"column":42}},"62":{"start":{"line":142,"column":16},"end":{"line":147,"column":19}},"63":{"start":{"line":148,"column":16},"end":{"line":151,"column":19}},"64":{"start":{"line":152,"column":16},"end":{"line":152,"column":66}},"65":{"start":{"line":155,"column":16},"end":{"line":155,"column":36}},"66":{"start":{"line":156,"column":16},"end":{"line":156,"column":53}},"67":{"start":{"line":157,"column":16},"end":{"line":157,"column":49}},"68":{"start":{"line":158,"column":16},"end":{"line":158,"column":66}},"69":{"start":{"line":162,"column":16},"end":{"line":162,"column":40}},"70":{"start":{"line":169,"column":8},"end":{"line":169,"column":46}},"71":{"start":{"line":172,"column":6},"end":{"line":172,"column":20}},"72":{"start":{"line":177,"column":28},"end":{"line":258,"column":9}},"73":{"start":{"line":182,"column":8},"end":{"line":257,"column":38}},"74":{"start":{"line":183,"column":10},"end":{"line":256,"column":11}},"75":{"start":{"line":184,"column":12},"end":{"line":255,"column":13}},"76":{"start":{"line":186,"column":16},"end":{"line":186,"column":35}},"77":{"start":{"line":187,"column":16},"end":{"line":187,"column":192}},"78":{"start":{"line":188,"column":16},"end":{"line":188,"column":35}},"79":{"start":{"line":189,"column":16},"end":{"line":189,"column":62}},"80":{"start":{"line":192,"column":16},"end":{"line":192,"column":38}},"81":{"start":{"line":194,"column":16},"end":{"line":197,"column":17}},"82":{"start":{"line":195,"column":18},"end":{"line":195,"column":37}},"83":{"start":{"line":196,"column":18},"end":{"line":196,"column":24}},"84":{"start":{"line":199,"column":16},"end":{"line":199,"column":66}},"85":{"start":{"line":202,"column":16},"end":{"line":202,"column":35}},"86":{"start":{"line":203,"column":16},"end":{"line":203,"column":96}},"87":{"start":{"line":206,"column":16},"end":{"line":206,"column":49}},"88":{"start":{"line":208,"column":16},"end":{"line":211,"column":17}},"89":{"start":{"line":209,"column":18},"end":{"line":209,"column":38}},"90":{"start":{"line":210,"column":18},"end":{"line":210,"column":24}},"91":{"start":{"line":213,"column":16},"end":{"line":216,"column":18}},"92":{"start":{"line":219,"column":16},"end":{"line":222,"column":17}},"93":{"start":{"line":220,"column":18},"end":{"line":220,"column":38}},"94":{"start":{"line":221,"column":18},"end":{"line":221,"column":24}},"95":{"start":{"line":224,"column":16},"end":{"line":224,"column":44}},"96":{"start":{"line":225,"column":16},"end":{"line":225,"column":36}},"97":{"start":{"line":226,"column":16},"end":{"line":226,"column":64}},"98":{"start":{"line":230,"column":16},"end":{"line":230,"column":76}},"99":{"start":{"line":231,"column":16},"end":{"line":231,"column":66}},"100":{"start":{"line":234,"column":16},"end":{"line":234,"column":47}},"101":{"start":{"line":237,"column":16},"end":{"line":237,"column":36}},"102":{"start":{"line":238,"column":16},"end":{"line":238,"column":22}},"103":{"start":{"line":241,"column":16},"end":{"line":241,"column":36}},"104":{"start":{"line":242,"column":16},"end":{"line":242,"column":53}},"105":{"start":{"line":244,"column":16},"end":{"line":248,"column":17}},"106":{"start":{"line":245,"column":18},"end":{"line":245,"column":79}},"107":{"start":{"line":247,"column":18},"end":{"line":247,"column":51}},"108":{"start":{"line":250,"column":16},"end":{"line":250,"column":66}},"109":{"start":{"line":254,"column":16},"end":{"line":254,"column":40}},"110":{"start":{"line":261,"column":8},"end":{"line":261,"column":54}},"111":{"start":{"line":264,"column":6},"end":{"line":264,"column":28}},"112":{"start":{"line":269,"column":20},"end":{"line":329,"column":9}},"113":{"start":{"line":273,"column":8},"end":{"line":328,"column":38}},"114":{"start":{"line":274,"column":10},"end":{"line":327,"column":11}},"115":{"start":{"line":275,"column":12},"end":{"line":326,"column":13}},"116":{"start":{"line":277,"column":16},"end":{"line":277,"column":35}},"117":{"start":{"line":278,"column":16},"end":{"line":278,"column":39}},"118":{"start":{"line":279,"column":16},"end":{"line":279,"column":35}},"119":{"start":{"line":280,"column":16},"end":{"line":280,"column":62}},"120":{"start":{"line":283,"column":16},"end":{"line":283,"column":38}},"121":{"start":{"line":285,"column":16},"end":{"line":288,"column":17}},"122":{"start":{"line":286,"column":18},"end":{"line":286,"column":37}},"123":{"start":{"line":287,"column":18},"end":{"line":287,"column":24}},"124":{"start":{"line":290,"column":16},"end":{"line":290,"column":66}},"125":{"start":{"line":293,"column":16},"end":{"line":293,"column":35}},"126":{"start":{"line":294,"column":16},"end":{"line":302,"column":19}},"127":{"start":{"line":295,"column":18},"end":{"line":301,"column":21}},"128":{"start":{"line":296,"column":20},"end":{"line":298,"column":21}},"129":{"start":{"line":297,"column":22},"end":{"line":297,"column":31}},"130":{"start":{"line":300,"column":20},"end":{"line":300,"column":48}},"131":{"start":{"line":305,"column":16},"end":{"line":305,"column":39}},"132":{"start":{"line":306,"column":16},"end":{"line":306,"column":48}},"133":{"start":{"line":307,"column":16},"end":{"line":307,"column":75}},"134":{"start":{"line":309,"column":16},"end":{"line":309,"column":36}},"135":{"start":{"line":310,"column":16},"end":{"line":310,"column":74}},"136":{"start":{"line":314,"column":16},"end":{"line":314,"column":76}},"137":{"start":{"line":315,"column":16},"end":{"line":315,"column":66}},"138":{"start":{"line":318,"column":16},"end":{"line":318,"column":36}},"139":{"start":{"line":319,"column":16},"end":{"line":319,"column":53}},"140":{"start":{"line":320,"column":16},"end":{"line":320,"column":49}},"141":{"start":{"line":321,"column":16},"end":{"line":321,"column":66}},"142":{"start":{"line":325,"column":16},"end":{"line":325,"column":40}},"143":{"start":{"line":332,"column":8},"end":{"line":332,"column":46}},"144":{"start":{"line":335,"column":6},"end":{"line":335,"column":20}},"145":{"start":{"line":340,"column":32},"end":{"line":379,"column":9}},"146":{"start":{"line":344,"column":8},"end":{"line":378,"column":38}},"147":{"start":{"line":345,"column":10},"end":{"line":377,"column":11}},"148":{"start":{"line":346,"column":12},"end":{"line":376,"column":13}},"149":{"start":{"line":348,"column":16},"end":{"line":348,"column":35}},"150":{"start":{"line":349,"column":16},"end":{"line":349,"column":41}},"151":{"start":{"line":350,"column":16},"end":{"line":350,"column":35}},"152":{"start":{"line":351,"column":16},"end":{"line":351,"column":79}},"153":{"start":{"line":354,"column":16},"end":{"line":354,"column":38}},"154":{"start":{"line":356,"column":16},"end":{"line":359,"column":17}},"155":{"start":{"line":357,"column":18},"end":{"line":357,"column":37}},"156":{"start":{"line":358,"column":18},"end":{"line":358,"column":24}},"157":{"start":{"line":361,"column":16},"end":{"line":361,"column":72}},"158":{"start":{"line":364,"column":16},"end":{"line":364,"column":70}},"159":{"start":{"line":365,"column":16},"end":{"line":365,"column":66}},"160":{"start":{"line":368,"column":16},"end":{"line":368,"column":36}},"161":{"start":{"line":369,"column":16},"end":{"line":369,"column":53}},"162":{"start":{"line":370,"column":16},"end":{"line":370,"column":49}},"163":{"start":{"line":371,"column":16},"end":{"line":371,"column":66}},"164":{"start":{"line":375,"column":16},"end":{"line":375,"column":40}},"165":{"start":{"line":382,"column":8},"end":{"line":382,"column":58}},"166":{"start":{"line":385,"column":6},"end":{"line":385,"column":32}},"167":{"start":{"line":390,"column":19},"end":{"line":451,"column":9}},"168":{"start":{"line":395,"column":8},"end":{"line":450,"column":38}},"169":{"start":{"line":396,"column":10},"end":{"line":449,"column":11}},"170":{"start":{"line":397,"column":12},"end":{"line":448,"column":13}},"171":{"start":{"line":399,"column":16},"end":{"line":399,"column":35}},"172":{"start":{"line":400,"column":16},"end":{"line":400,"column":120}},"173":{"start":{"line":401,"column":16},"end":{"line":401,"column":35}},"174":{"start":{"line":402,"column":16},"end":{"line":402,"column":90}},"175":{"start":{"line":405,"column":16},"end":{"line":405,"column":38}},"176":{"start":{"line":407,"column":16},"end":{"line":410,"column":17}},"177":{"start":{"line":408,"column":18},"end":{"line":408,"column":37}},"178":{"start":{"line":409,"column":18},"end":{"line":409,"column":24}},"179":{"start":{"line":412,"column":16},"end":{"line":412,"column":72}},"180":{"start":{"line":415,"column":16},"end":{"line":418,"column":17}},"181":{"start":{"line":416,"column":18},"end":{"line":416,"column":38}},"182":{"start":{"line":417,"column":18},"end":{"line":417,"column":24}},"183":{"start":{"line":420,"column":16},"end":{"line":420,"column":44}},"184":{"start":{"line":421,"column":16},"end":{"line":421,"column":52}},"185":{"start":{"line":422,"column":16},"end":{"line":422,"column":54}},"186":{"start":{"line":424,"column":16},"end":{"line":424,"column":36}},"187":{"start":{"line":425,"column":16},"end":{"line":425,"column":64}},"188":{"start":{"line":429,"column":16},"end":{"line":429,"column":76}},"189":{"start":{"line":430,"column":16},"end":{"line":430,"column":66}},"190":{"start":{"line":433,"column":16},"end":{"line":433,"column":47}},"191":{"start":{"line":436,"column":16},"end":{"line":436,"column":36}},"192":{"start":{"line":437,"column":16},"end":{"line":437,"column":22}},"193":{"start":{"line":440,"column":16},"end":{"line":440,"column":36}},"194":{"start":{"line":441,"column":16},"end":{"line":441,"column":53}},"195":{"start":{"line":442,"column":16},"end":{"line":442,"column":49}},"196":{"start":{"line":443,"column":16},"end":{"line":443,"column":66}},"197":{"start":{"line":447,"column":16},"end":{"line":447,"column":40}},"198":{"start":{"line":454,"column":8},"end":{"line":454,"column":45}},"199":{"start":{"line":457,"column":6},"end":{"line":457,"column":19}},"200":{"start":{"line":460,"column":2},"end":{"line":460,"column":24}},"201":{"start":{"line":463,"column":15},"end":{"line":463,"column":29}},"202":{"start":{"line":464,"column":0},"end":{"line":464,"column":30}}},"fnMap":{"0":{"name":"(anonymous_0)","decl":{"start":{"line":32,"column":0},"end":{"line":32,"column":1}},"loc":{"start":{"line":32,"column":12},"end":{"line":461,"column":1}},"line":32},"1":{"name":"AuthController","decl":{"start":{"line":33,"column":11},"end":{"line":33,"column":25}},"loc":{"start":{"line":33,"column":28},"end":{"line":35,"column":3}},"line":33},"2":{"name":"(anonymous_2)","decl":{"start":{"line":39,"column":11},"end":{"line":39,"column":12}},"loc":{"start":{"line":39,"column":23},"end":{"line":98,"column":5}},"line":39},"3":{"name":"_callee","decl":{"start":{"line":42,"column":44},"end":{"line":42,"column":51}},"loc":{"start":{"line":42,"column":62},"end":{"line":91,"column":7}},"line":42},"4":{"name":"_callee$","decl":{"start":{"line":45,"column":53},"end":{"line":45,"column":61}},"loc":{"start":{"line":45,"column":72},"end":{"line":90,"column":9}},"line":45},"5":{"name":"signup","decl":{"start":{"line":93,"column":15},"end":{"line":93,"column":21}},"loc":{"start":{"line":93,"column":31},"end":{"line":95,"column":7}},"line":93},"6":{"name":"(anonymous_6)","decl":{"start":{"line":101,"column":11},"end":{"line":101,"column":12}},"loc":{"start":{"line":101,"column":23},"end":{"line":173,"column":5}},"line":101},"7":{"name":"_callee2","decl":{"start":{"line":104,"column":44},"end":{"line":104,"column":52}},"loc":{"start":{"line":104,"column":63},"end":{"line":166,"column":7}},"line":104},"8":{"name":"_callee2$","decl":{"start":{"line":107,"column":53},"end":{"line":107,"column":62}},"loc":{"start":{"line":107,"column":74},"end":{"line":165,"column":9}},"line":107},"9":{"name":"signin","decl":{"start":{"line":168,"column":15},"end":{"line":168,"column":21}},"loc":{"start":{"line":168,"column":32},"end":{"line":170,"column":7}},"line":168},"10":{"name":"(anonymous_10)","decl":{"start":{"line":176,"column":11},"end":{"line":176,"column":12}},"loc":{"start":{"line":176,"column":23},"end":{"line":265,"column":5}},"line":176},"11":{"name":"_callee3","decl":{"start":{"line":179,"column":44},"end":{"line":179,"column":52}},"loc":{"start":{"line":179,"column":63},"end":{"line":258,"column":7}},"line":179},"12":{"name":"_callee3$","decl":{"start":{"line":182,"column":53},"end":{"line":182,"column":62}},"loc":{"start":{"line":182,"column":74},"end":{"line":257,"column":9}},"line":182},"13":{"name":"passwordChange","decl":{"start":{"line":260,"column":15},"end":{"line":260,"column":29}},"loc":{"start":{"line":260,"column":40},"end":{"line":262,"column":7}},"line":260},"14":{"name":"(anonymous_14)","decl":{"start":{"line":268,"column":11},"end":{"line":268,"column":12}},"loc":{"start":{"line":268,"column":23},"end":{"line":336,"column":5}},"line":268},"15":{"name":"_callee4","decl":{"start":{"line":271,"column":44},"end":{"line":271,"column":52}},"loc":{"start":{"line":271,"column":63},"end":{"line":329,"column":7}},"line":271},"16":{"name":"_callee4$","decl":{"start":{"line":273,"column":53},"end":{"line":273,"column":62}},"loc":{"start":{"line":273,"column":74},"end":{"line":328,"column":9}},"line":273},"17":{"name":"(anonymous_17)","decl":{"start":{"line":294,"column":35},"end":{"line":294,"column":36}},"loc":{"start":{"line":294,"column":55},"end":{"line":302,"column":17}},"line":294},"18":{"name":"(anonymous_18)","decl":{"start":{"line":295,"column":53},"end":{"line":295,"column":54}},"loc":{"start":{"line":295,"column":76},"end":{"line":301,"column":19}},"line":295},"19":{"name":"forgot","decl":{"start":{"line":331,"column":15},"end":{"line":331,"column":21}},"loc":{"start":{"line":331,"column":32},"end":{"line":333,"column":7}},"line":331},"20":{"name":"(anonymous_20)","decl":{"start":{"line":339,"column":11},"end":{"line":339,"column":12}},"loc":{"start":{"line":339,"column":23},"end":{"line":386,"column":5}},"line":339},"21":{"name":"_callee5","decl":{"start":{"line":342,"column":44},"end":{"line":342,"column":52}},"loc":{"start":{"line":342,"column":63},"end":{"line":379,"column":7}},"line":342},"22":{"name":"_callee5$","decl":{"start":{"line":344,"column":53},"end":{"line":344,"column":62}},"loc":{"start":{"line":344,"column":74},"end":{"line":378,"column":9}},"line":344},"23":{"name":"validateResetToken","decl":{"start":{"line":381,"column":15},"end":{"line":381,"column":33}},"loc":{"start":{"line":381,"column":45},"end":{"line":383,"column":7}},"line":381},"24":{"name":"(anonymous_24)","decl":{"start":{"line":389,"column":11},"end":{"line":389,"column":12}},"loc":{"start":{"line":389,"column":23},"end":{"line":458,"column":5}},"line":389},"25":{"name":"_callee6","decl":{"start":{"line":392,"column":44},"end":{"line":392,"column":52}},"loc":{"start":{"line":392,"column":63},"end":{"line":451,"column":7}},"line":392},"26":{"name":"_callee6$","decl":{"start":{"line":395,"column":53},"end":{"line":395,"column":62}},"loc":{"start":{"line":395,"column":74},"end":{"line":450,"column":9}},"line":395},"27":{"name":"reset","decl":{"start":{"line":453,"column":15},"end":{"line":453,"column":20}},"loc":{"start":{"line":453,"column":33},"end":{"line":455,"column":7}},"line":453}},"branchMap":{"0":{"loc":{"start":{"line":47,"column":12},"end":{"line":88,"column":13}},"type":"switch","locations":[{"start":{"line":48,"column":14},"end":{"line":57,"column":65}},{"start":{"line":59,"column":14},"end":{"line":62,"column":66}},{"start":{"line":64,"column":14},"end":{"line":77,"column":65}},{"start":{"line":79,"column":14},"end":{"line":83,"column":65}},{"start":{"line":85,"column":14},"end":{"line":85,"column":22}},{"start":{"line":86,"column":14},"end":{"line":87,"column":39}}],"line":47},"1":{"loc":{"start":{"line":51,"column":16},"end":{"line":54,"column":17}},"type":"if","locations":[{"start":{"line":51,"column":16},"end":{"line":54,"column":17}},{"start":{"line":51,"column":16},"end":{"line":54,"column":17}}],"line":51},"2":{"loc":{"start":{"line":51,"column":22},"end":{"line":51,"column":123}},"type":"binary-expr","locations":[{"start":{"line":51,"column":22},"end":{"line":51,"column":59}},{"start":{"line":51,"column":63},"end":{"line":51,"column":80}},{"start":{"line":51,"column":84},"end":{"line":51,"column":102}},{"start":{"line":51,"column":106},"end":{"line":51,"column":123}}],"line":51},"3":{"loc":{"start":{"line":109,"column":12},"end":{"line":163,"column":13}},"type":"switch","locations":[{"start":{"line":110,"column":14},"end":{"line":114,"column":62}},{"start":{"line":116,"column":14},"end":{"line":124,"column":71}},{"start":{"line":126,"column":14},"end":{"line":128,"column":89}},{"start":{"line":130,"column":14},"end":{"line":138,"column":71}},{"start":{"line":140,"column":14},"end":{"line":152,"column":66}},{"start":{"line":154,"column":14},"end":{"line":158,"column":66}},{"start":{"line":160,"column":14},"end":{"line":160,"column":22}},{"start":{"line":161,"column":14},"end":{"line":162,"column":40}}],"line":109},"4":{"loc":{"start":{"line":119,"column":16},"end":{"line":122,"column":17}},"type":"if","locations":[{"start":{"line":119,"column":16},"end":{"line":122,"column":17}},{"start":{"line":119,"column":16},"end":{"line":122,"column":17}}],"line":119},"5":{"loc":{"start":{"line":133,"column":16},"end":{"line":136,"column":17}},"type":"if","locations":[{"start":{"line":133,"column":16},"end":{"line":136,"column":17}},{"start":{"line":133,"column":16},"end":{"line":136,"column":17}}],"line":133},"6":{"loc":{"start":{"line":184,"column":12},"end":{"line":255,"column":13}},"type":"switch","locations":[{"start":{"line":185,"column":14},"end":{"line":189,"column":62}},{"start":{"line":191,"column":14},"end":{"line":199,"column":66}},{"start":{"line":201,"column":14},"end":{"line":203,"column":96}},{"start":{"line":205,"column":14},"end":{"line":216,"column":18}},{"start":{"line":218,"column":14},"end":{"line":226,"column":64}},{"start":{"line":228,"column":14},"end":{"line":231,"column":66}},{"start":{"line":233,"column":14},"end":{"line":234,"column":47}},{"start":{"line":236,"column":14},"end":{"line":238,"column":22}},{"start":{"line":240,"column":14},"end":{"line":250,"column":66}},{"start":{"line":252,"column":14},"end":{"line":252,"column":22}},{"start":{"line":253,"column":14},"end":{"line":254,"column":40}}],"line":184},"7":{"loc":{"start":{"line":194,"column":16},"end":{"line":197,"column":17}},"type":"if","locations":[{"start":{"line":194,"column":16},"end":{"line":197,"column":17}},{"start":{"line":194,"column":16},"end":{"line":197,"column":17}}],"line":194},"8":{"loc":{"start":{"line":208,"column":16},"end":{"line":211,"column":17}},"type":"if","locations":[{"start":{"line":208,"column":16},"end":{"line":211,"column":17}},{"start":{"line":208,"column":16},"end":{"line":211,"column":17}}],"line":208},"9":{"loc":{"start":{"line":219,"column":16},"end":{"line":222,"column":17}},"type":"if","locations":[{"start":{"line":219,"column":16},"end":{"line":222,"column":17}},{"start":{"line":219,"column":16},"end":{"line":222,"column":17}}],"line":219},"10":{"loc":{"start":{"line":244,"column":16},"end":{"line":248,"column":17}},"type":"if","locations":[{"start":{"line":244,"column":16},"end":{"line":248,"column":17}},{"start":{"line":244,"column":16},"end":{"line":248,"column":17}}],"line":244},"11":{"loc":{"start":{"line":275,"column":12},"end":{"line":326,"column":13}},"type":"switch","locations":[{"start":{"line":276,"column":14},"end":{"line":280,"column":62}},{"start":{"line":282,"column":14},"end":{"line":290,"column":66}},{"start":{"line":292,"column":14},"end":{"line":302,"column":19}},{"start":{"line":304,"column":14},"end":{"line":310,"column":74}},{"start":{"line":312,"column":14},"end":{"line":315,"column":66}},{"start":{"line":317,"column":14},"end":{"line":321,"column":66}},{"start":{"line":323,"column":14},"end":{"line":323,"column":22}},{"start":{"line":324,"column":14},"end":{"line":325,"column":40}}],"line":275},"12":{"loc":{"start":{"line":285,"column":16},"end":{"line":288,"column":17}},"type":"if","locations":[{"start":{"line":285,"column":16},"end":{"line":288,"column":17}},{"start":{"line":285,"column":16},"end":{"line":288,"column":17}}],"line":285},"13":{"loc":{"start":{"line":296,"column":20},"end":{"line":298,"column":21}},"type":"if","locations":[{"start":{"line":296,"column":20},"end":{"line":298,"column":21}},{"start":{"line":296,"column":20},"end":{"line":298,"column":21}}],"line":296},"14":{"loc":{"start":{"line":346,"column":12},"end":{"line":376,"column":13}},"type":"switch","locations":[{"start":{"line":347,"column":14},"end":{"line":351,"column":79}},{"start":{"line":353,"column":14},"end":{"line":361,"column":72}},{"start":{"line":363,"column":14},"end":{"line":365,"column":66}},{"start":{"line":367,"column":14},"end":{"line":371,"column":66}},{"start":{"line":373,"column":14},"end":{"line":373,"column":22}},{"start":{"line":374,"column":14},"end":{"line":375,"column":40}}],"line":346},"15":{"loc":{"start":{"line":356,"column":16},"end":{"line":359,"column":17}},"type":"if","locations":[{"start":{"line":356,"column":16},"end":{"line":359,"column":17}},{"start":{"line":356,"column":16},"end":{"line":359,"column":17}}],"line":356},"16":{"loc":{"start":{"line":397,"column":12},"end":{"line":448,"column":13}},"type":"switch","locations":[{"start":{"line":398,"column":14},"end":{"line":402,"column":90}},{"start":{"line":404,"column":14},"end":{"line":412,"column":72}},{"start":{"line":414,"column":14},"end":{"line":425,"column":64}},{"start":{"line":427,"column":14},"end":{"line":430,"column":66}},{"start":{"line":432,"column":14},"end":{"line":433,"column":47}},{"start":{"line":435,"column":14},"end":{"line":437,"column":22}},{"start":{"line":439,"column":14},"end":{"line":443,"column":66}},{"start":{"line":445,"column":14},"end":{"line":445,"column":22}},{"start":{"line":446,"column":14},"end":{"line":447,"column":40}}],"line":397},"17":{"loc":{"start":{"line":407,"column":16},"end":{"line":410,"column":17}},"type":"if","locations":[{"start":{"line":407,"column":16},"end":{"line":410,"column":17}},{"start":{"line":407,"column":16},"end":{"line":410,"column":17}}],"line":407},"18":{"loc":{"start":{"line":415,"column":16},"end":{"line":418,"column":17}},"type":"if","locations":[{"start":{"line":415,"column":16},"end":{"line":418,"column":17}},{"start":{"line":415,"column":16},"end":{"line":418,"column":17}}],"line":415}},"s":{"0":1,"1":1,"2":1,"3":1,"4":1,"5":1,"6":1,"7":1,"8":1,"9":1,"10":1,"11":1,"12":1,"13":1,"14":0,"15":1,"16":1,"17":3,"18":8,"19":10,"20":3,"21":3,"22":2,"23":2,"24":1,"25":1,"26":2,"27":2,"28":2,"29":1,"30":1,"31":1,"32":1,"33":1,"34":1,"35":1,"36":1,"37":1,"38":3,"39":3,"40":1,"41":1,"42":17,"43":69,"44":100,"45":17,"46":17,"47":17,"48":17,"49":17,"50":17,"51":16,"52":16,"53":1,"54":16,"55":16,"56":16,"57":16,"58":15,"59":15,"60":1,"61":15,"62":15,"63":15,"64":15,"65":2,"66":2,"67":2,"68":2,"69":17,"70":17,"71":1,"72":1,"73":4,"74":20,"75":28,"76":4,"77":4,"78":4,"79":4,"80":4,"81":4,"82":4,"83":4,"84":0,"85":4,"86":4,"87":4,"88":4,"89":3,"90":3,"91":1,"92":3,"93":1,"94":1,"95":2,"96":2,"97":2,"98":2,"99":2,"100":1,"101":0,"102":0,"103":2,"104":2,"105":2,"106":1,"107":1,"108":2,"109":4,"110":4,"111":1,"112":1,"113":4,"114":19,"115":22,"116":4,"117":4,"118":4,"119":4,"120":4,"121":4,"122":3,"123":3,"124":1,"125":3,"126":3,"127":3,"128":3,"129":0,"130":3,"131":3,"132":3,"133":3,"134":3,"135":3,"136":3,"137":3,"138":1,"139":1,"140":1,"141":1,"142":4,"143":4,"144":1,"145":1,"146":2,"147":7,"148":8,"149":2,"150":2,"151":2,"152":2,"153":2,"154":2,"155":1,"156":1,"157":1,"158":1,"159":1,"160":1,"161":1,"162":1,"163":1,"164":2,"165":2,"166":1,"167":1,"168":2,"169":8,"170":9,"171":2,"172":2,"173":2,"174":2,"175":2,"176":2,"177":1,"178":1,"179":1,"180":1,"181":0,"182":0,"183":1,"184":1,"185":1,"186":1,"187":1,"188":1,"189":1,"190":0,"191":0,"192":0,"193":1,"194":1,"195":1,"196":1,"197":2,"198":2,"199":1,"200":1,"201":1,"202":1},"f":{"0":1,"1":0,"2":1,"3":3,"4":8,"5":3,"6":1,"7":17,"8":69,"9":17,"10":1,"11":4,"12":20,"13":4,"14":1,"15":4,"16":19,"17":3,"18":3,"19":4,"20":1,"21":2,"22":7,"23":2,"24":1,"25":2,"26":8,"27":2},"b":{"0":[3,2,1,1,0,3],"1":[2,1],"2":[3,2,2,2],"3":[17,17,16,16,15,2,0,17],"4":[16,1],"5":[15,1],"6":[4,4,4,4,3,2,1,0,2,0,4],"7":[4,0],"8":[3,1],"9":[1,2],"10":[1,1],"11":[4,4,3,3,3,1,0,4],"12":[3,1],"13":[0,3],"14":[2,2,1,1,0,2],"15":[1,1],"16":[2,2,1,1,0,0,1,0,2],"17":[1,1],"18":[0,1]},"inputSourceMap":{"version":3,"sources":["AuthController.js"],"names":["util","Util","AuthController","req","res","body","email","password","firstName","lastName","validator","isEmail","String","setError","send","UserService","register","user","undefined","token","jwt","sign","id","process","env","JWT_KEY","expiresIn","setSuccess","getUser","validatePassword","isPasswordMatch","currentPassword","newPassword","verifyPassword","statusCode","message","updateUser","Promise","rej","crypto","randomBytes","err","buffer","toString","resetPasswordToken","resetPasswordExpires","Date","now","updateUserResetToken","params","getResetUser"],"mappings":";;;;;;;;;;;;;;;;;AAAA;;AACA;;AACA;;AACA;;AACA;;AAEA,IAAMA,IAAI,GAAG,IAAIC,iBAAJ,EAAb;;IAEMC,c;;;;;;;;;;;;oDACgBC,G,EAAKC,G;;;;;;;4BAC0BD,GAAG,CAACE,I,EAA7CC,K,aAAAA,K,EAAOC,Q,aAAAA,Q,EAAUC,S,aAAAA,S,EAAWC,Q,aAAAA,Q;;sBAC/B,CAACC,sBAAUC,OAAV,CAAkBL,KAAlB,CAAD,IAA6B,CAACM,MAAM,CAACL,QAAD,CAApC,IAAkD,CAACK,MAAM,CAACJ,SAAD,CAAzD,IAAuE,CAACI,MAAM,CAACH,QAAD,C;;;;;AACjFT,gBAAAA,IAAI,CAACa,QAAL,CAAc,GAAd,EAAmB,4BAAnB;iDACOb,IAAI,CAACc,IAAL,CAAUV,GAAV,C;;;;;uBAIYW,wBAAYC,QAAZ,CAAqBb,GAAG,CAACE,IAAzB,C;;;AAAbY,gBAAAA,I;AACNA,gBAAAA,IAAI,CAACV,QAAL,GAAgBW,SAAhB;AACMC,gBAAAA,K,GAAQC,yBAAIC,IAAJ,CAAS;AAACC,kBAAAA,EAAE,EAAEL,IAAI,CAACK,EAAV;AAAchB,kBAAAA,KAAK,EAAEW,IAAI,CAACX;AAA1B,iBAAT,EAA2CiB,OAAO,CAACC,GAAR,CAAYC,OAAvD,EAAgE;AAAEC,kBAAAA,SAAS,EAAE;AAAb,iBAAhE,C;AACd1B,gBAAAA,IAAI,CAAC2B,UAAL,CAAgB,GAAhB,EAAqB,gCAArB,EAAuD;AACrDV,kBAAAA,IAAI,EAAEA,IAD+C;AAErDE,kBAAAA,KAAK,EAAEA;AAF8C,iBAAvD;iDAIOnB,IAAI,CAACc,IAAL,CAAUV,GAAV,C;;;;;AAEPJ,gBAAAA,IAAI,CAACa,QAAL,CAAc,GAAd;iDACOb,IAAI,CAACc,IAAL,CAAUV,GAAV,C;;;;;;;;;;;;;;;;;;;;;qDAISD,G,EAAKC,G;;;;;;;;6BAEOD,GAAG,CAACE,I,EAAxBC,K,cAAAA,K,EAAOC,Q,cAAAA,Q;;uBACIQ,wBAAYa,OAAZ,CAAoBtB,KAApB,C;;;AAAbW,gBAAAA,I;;oBACDA,I;;;;;sBACG,gD;;;;uBAGsBF,wBAAYc,gBAAZ,CAA6BtB,QAA7B,EAAuCU,IAAI,CAACV,QAA5C,C;;;AAAxBuB,gBAAAA,e;;oBACDA,e;;;;;sBACG,gD;;;AAERb,gBAAAA,IAAI,CAACV,QAAL,GAAgBW,SAAhB;AAEMC,gBAAAA,K,GAAQC,yBAAIC,IAAJ,CAAS;AAACC,kBAAAA,EAAE,EAAEL,IAAI,CAACK,EAAV;AAAchB,kBAAAA,KAAK,EAAEW,IAAI,CAACX;AAA1B,iBAAT,EAA2CiB,OAAO,CAACC,GAAR,CAAYC,OAAvD,EAAgE;AAAEC,kBAAAA,SAAS,EAAE;AAAb,iBAAhE,C;AACd1B,gBAAAA,IAAI,CAAC2B,UAAL,CAAgB,GAAhB,EAAqB,gCAArB,EAAuD;AACrDV,kBAAAA,IAAI,EAAEA,IAD+C;AAErDE,kBAAAA,KAAK,EAAEA;AAF8C,iBAAvD;kDAKOnB,IAAI,CAACc,IAAL,CAAUV,GAAV,C;;;;;AAEPJ,gBAAAA,IAAI,CAACa,QAAL,CAAc,GAAd;kDACOb,IAAI,CAACc,IAAL,CAAUV,GAAV,C;;;;;;;;;;;;;;;;;;;;;qDAIiBD,G,EAAKC,G;;;;;;;;6BAEmCD,GAAG,CAACE,I,EAA5DC,K,cAAAA,K,EAAOyB,e,cAAAA,e,EAAiBC,W,cAAAA,W,EAAaC,c,cAAAA,c;;uBAE1BlB,wBAAYa,OAAZ,CAAoBtB,KAApB,C;;;AAAbW,gBAAAA,I;;oBACDA,I;;;;;sBACG,2C;;;;uBAGsBF,wBAAYc,gBAAZ,CAA6BE,eAA7B,EAA8Cd,IAAI,CAACV,QAAnD,C;;;AAAxBuB,gBAAAA,e;;oBACDA,e;;;;;sBACG;AACJI,kBAAAA,UAAU,EAAE,GADR;AAEJC,kBAAAA,OAAO,EAAE;AAFL,iB;;;sBAMJH,WAAW,KAAKC,c;;;;;AAClBhB,gBAAAA,IAAI,CAACV,QAAL,GAAgByB,WAAhB;;uBACMjB,wBAAYqB,UAAZ,CAAuBnB,IAAvB,C;;;AAEN;AAEAjB,gBAAAA,IAAI,CAAC2B,UAAL,CAAgB,GAAhB,EAAqB,qCAArB;kDACO3B,IAAI,CAACc,IAAL,CAAUV,GAAV,C;;;sBAED,wB;;;;;;;;;;AAGR,oBAAI,aAAM8B,UAAV,EAAsB;AACpBlC,kBAAAA,IAAI,CAACa,QAAL,CAAc,aAAMqB,UAApB,EAAgC,aAAMC,OAAtC;AACD,iBAFD,MAEO;AACLnC,kBAAAA,IAAI,CAACa,QAAL,CAAc,GAAd;AACD;;kDACMb,IAAI,CAACc,IAAL,CAAUV,GAAV,C;;;;;;;;;;;;;;;;;;;;;qDAKSD,G,EAAKC,G;;;;;;;AAEbE,gBAAAA,K,GAAUH,GAAG,CAACE,I,CAAdC,K;;uBACWS,wBAAYa,OAAZ,CAAoBtB,KAApB,C;;;AAAbW,gBAAAA,I;;oBACDA,I;;;;;sBACG,2C;;;;uBAIY,IAAIoB,OAAJ,CAAY,UAACjC,GAAD,EAAMkC,GAAN,EAAc;AAC5CC,qCAAOC,WAAP,CAAmB,EAAnB,EAAuB,UAACC,GAAD,EAAMC,MAAN,EAAiB;AACtC,wBAAID,GAAJ,EAAS;AACPH,sBAAAA,GAAG,CAACG,GAAD,CAAH;AACD;;AACDrC,oBAAAA,GAAG,CAACsC,MAAM,CAACC,QAAP,CAAgB,KAAhB,CAAD,CAAH;AACD,mBALD;AAMD,iBAPmB,C;;;AAAdxB,gBAAAA,K;AASNF,gBAAAA,IAAI,CAAC2B,kBAAL,GAA0BzB,KAA1B;AACAF,gBAAAA,IAAI,CAAC4B,oBAAL,GAA4B,IAAIC,IAAJ,CAASA,IAAI,CAACC,GAAL,KAAa,OAAtB,CAA5B,C,CAA4D;;;uBAEtDhC,wBAAYiC,oBAAZ,CAAiC/B,IAAjC,C;;;AAEN;AAEAjB,gBAAAA,IAAI,CAAC2B,UAAL,CAAgB,GAAhB,EAAqB,qCAArB;kDACO3B,IAAI,CAACc,IAAL,CAAUV,GAAV,C;;;;;AAEPJ,gBAAAA,IAAI,CAACa,QAAL,CAAc,GAAd;kDACOb,IAAI,CAACc,IAAL,CAAUV,GAAV,C;;;;;;;;;;;;;;;;;;;;;qDAIqBD,G,EAAKC,G;;;;;;;AAEzBe,gBAAAA,K,GAAUhB,GAAG,CAAC8C,M,CAAd9B,K;;uBACWJ,wBAAYmC,YAAZ,CAAyB/B,KAAzB,EAAgC,IAAI2B,IAAJ,EAAhC,C;;;AAAb7B,gBAAAA,I;;oBACDA,I;;;;;sBACG,iD;;;AAGRjB,gBAAAA,IAAI,CAAC2B,UAAL,CAAgB,GAAhB,EAAqB,+BAArB;kDACO3B,IAAI,CAACc,IAAL,CAAUV,GAAV,C;;;;;AAEPJ,gBAAAA,IAAI,CAACa,QAAL,CAAc,GAAd;kDACOb,IAAI,CAACc,IAAL,CAAUV,GAAV,C;;;;;;;;;;;;;;;;;;;;;qDAIQD,G,EAAKC,G;;;;;;;;6BAEoBD,GAAG,CAACE,I,EAApC2B,W,cAAAA,W,EAAaC,c,cAAAA,c;;uBACFlB,wBAAYmC,YAAZ,CAAyB/C,GAAG,CAAC8C,MAAJ,CAAW9B,KAApC,EAA2C,IAAI2B,IAAJ,EAA3C,C;;;AAAb7B,gBAAAA,I;;oBACDA,I;;;;;sBACG,iD;;;sBAGJe,WAAW,KAAKC,c;;;;;AAClBhB,gBAAAA,IAAI,CAACV,QAAL,GAAgByB,WAAhB;AACAf,gBAAAA,IAAI,CAAC2B,kBAAL,GAA0B1B,SAA1B;AACAD,gBAAAA,IAAI,CAAC4B,oBAAL,GAA4B3B,SAA5B,C,CAAsC;;;uBAEhCH,wBAAYqB,UAAZ,CAAuBnB,IAAvB,C;;;AAEN;AAEAjB,gBAAAA,IAAI,CAAC2B,UAAL,CAAgB,GAAhB,EAAqB,qCAArB;kDACO3B,IAAI,CAACc,IAAL,CAAUV,GAAV,C;;;sBAED,wB;;;;;;;;;AAGRJ,gBAAAA,IAAI,CAACa,QAAL,CAAc,GAAd;kDACOb,IAAI,CAACc,IAAL,CAAUV,GAAV,C;;;;;;;;;;;;;;;;;;;;eAKEF,c","sourceRoot":"/Users/jamesha/dev/ambitiondesign/software/ambitiondesign/portal/server/src/controllers","sourcesContent":["import jwt from 'jsonwebtoken';\nimport validator from 'validator';\nimport crypto from 'crypto';\nimport UserService from '../services/UserService';\nimport Util from '../util/Utils';\n\nconst util = new Util();\n\nclass AuthController {\n  static async signup(req, res) {\n    const { email, password, firstName, lastName } = req.body;\n    if ( !validator.isEmail(email) || !String(password) || !String(firstName)|| !String(lastName)) {\n      util.setError(400, 'Please input a valid value');\n      return util.send(res);\n    }\n\n    try {\n      const user = await UserService.register(req.body);\n      user.password = undefined;\n      const token = jwt.sign({id: user.id, email: user.email}, process.env.JWT_KEY, { expiresIn: 36000 });\n      util.setSuccess(201, 'User is successfully signed up', {\n        user: user,\n        token: token\n      })\n      return util.send(res);\n    } catch (error) {\n      util.setError(400, error);\n      return util.send(res);\n    }\n  }\n\n  static async signin(req, res) {\n    try {\n      const { email, password } = req.body;\n      const user = await UserService.getUser(email);\n      if (!user) {\n        throw 'Login failed! Check authentication credentials';\n      }\n\n      const isPasswordMatch = await UserService.validatePassword(password, user.password)\n      if (!isPasswordMatch) {\n        throw 'Login failed! Check authentication credentials';\n      }\n      user.password = undefined;\n\n      const token = jwt.sign({id: user.id, email: user.email}, process.env.JWT_KEY, { expiresIn: 36000 });\n      util.setSuccess(200, 'User is successfully signed in', {\n        user: user,\n        token: token\n      })\n  \n      return util.send(res);\n    } catch(error) {\n      util.setError(401, error);\n      return util.send(res);\n    }\n  }\n\n  static async passwordChange(req, res) {\n    try {\n      const { email, currentPassword, newPassword, verifyPassword } = req.body;\n\n      const user = await UserService.getUser(email);\n      if (!user) {\n        throw 'No account with that email has been found';\n      }\n\n      const isPasswordMatch = await UserService.validatePassword(currentPassword, user.password)\n      if (!isPasswordMatch) {\n        throw {\n          statusCode: 401,\n          message: 'Current password is incorrect.'\n        }\n      }\n\n      if (newPassword === verifyPassword) {\n        user.password = newPassword;\n        await UserService.updateUser(user);\n  \n        // send password updated email\n  \n        util.setSuccess(200, 'Password reset email has been sent.')\n        return util.send(res);\n      } else {\n        throw 'Passwords do not match';\n      }\n    } catch(error) {\n      if (error.statusCode) {\n        util.setError(error.statusCode, error.message);\n      } else {\n        util.setError(400, error);\n      }\n      return util.send(res);\n    }\n  }\n\n\n  static async forgot(req, res) {\n    try {\n      const { email } = req.body;\n      const user = await UserService.getUser(email);\n      if (!user) {\n        throw 'No account with that email has been found';\n      }\n\n      //generating random reset token\n      const token = await new Promise((res, rej) => {\n        crypto.randomBytes(10, (err, buffer) => {\n          if (err) {\n            rej(err);\n          }\n          res(buffer.toString(\"hex\"));\n        });\n      });\n\n      user.resetPasswordToken = token;\n      user.resetPasswordExpires = new Date(Date.now() + 3600000); // 1 hour\n\n      await UserService.updateUserResetToken(user);\n\n      // send email\n\n      util.setSuccess(200, 'Password reset email has been sent.')\n      return util.send(res);\n    } catch(error) {\n      util.setError(400, error);\n      return util.send(res);\n    }\n  }\n\n  static async validateResetToken(req, res) {\n    try {\n      const { token } = req.params;\n      const user = await UserService.getResetUser(token, new Date());\n      if (!user) {\n        throw 'Password reset token is invalid or has expired.';\n      }\n\n      util.setSuccess(200, 'Token was found successfully.');\n      return util.send(res);\n    } catch(error) {\n      util.setError(400, error);\n      return util.send(res);\n    }\n  }\n\n  static async reset(req, res) {\n    try {\n      const { newPassword, verifyPassword } = req.body;\n      const user = await UserService.getResetUser(req.params.token, new Date());\n      if (!user) {\n        throw 'Password reset token is invalid or has expired.';\n      }\n      \n      if (newPassword === verifyPassword) {\n        user.password = newPassword;\n        user.resetPasswordToken = undefined;\n        user.resetPasswordExpires = undefined // 1 hour\n  \n        await UserService.updateUser(user);\n  \n        // send password updated email\n  \n        util.setSuccess(200, 'Password reset email has been sent.')\n        return util.send(res);\n      } else {\n        throw 'Passwords do not match';\n      }\n    } catch(error) {\n      util.setError(400, error);\n      return util.send(res);\n    }\n  }\n}\n\nexport default AuthController;\n"]},"_coverageSchema":"1a1c01bbd47fc00a2c39e90264f33305004495a9","hash":"c9a2e52d4df46efa7fa70cb4bd7112bda1ebd297","contentHash":"235d5a487e478d8886c54496ecf6893b71dcbe006b40a7d4a0fbb23ac6a38752"},"/Users/jamesha/dev/ambitiondesign/software/ambitiondesign/portal/server/src/services/UserService.js":{"path":"/Users/jamesha/dev/ambitiondesign/software/ambitiondesign/portal/server/src/services/UserService.js","statementMap":{"0":{"start":{"line":3,"column":29},"end":{"line":3,"column":84}},"1":{"start":{"line":5,"column":0},"end":{"line":7,"column":3}},"2":{"start":{"line":8,"column":0},"end":{"line":8,"column":28}},"3":{"start":{"line":10,"column":19},"end":{"line":10,"column":80}},"4":{"start":{"line":12,"column":25},"end":{"line":12,"column":99}},"5":{"start":{"line":14,"column":23},"end":{"line":14,"column":95}},"6":{"start":{"line":16,"column":20},"end":{"line":16,"column":89}},"7":{"start":{"line":18,"column":16},"end":{"line":18,"column":67}},"8":{"start":{"line":20,"column":12},"end":{"line":20,"column":61}},"9":{"start":{"line":22,"column":14},"end":{"line":22,"column":55}},"10":{"start":{"line":26,"column":0},"end":{"line":487,"column":3}},"11":{"start":{"line":28,"column":4},"end":{"line":28,"column":56}},"12":{"start":{"line":31,"column":2},"end":{"line":485,"column":6}},"13":{"start":{"line":34,"column":22},"end":{"line":109,"column":9}},"14":{"start":{"line":38,"column":8},"end":{"line":108,"column":45}},"15":{"start":{"line":39,"column":10},"end":{"line":107,"column":11}},"16":{"start":{"line":40,"column":12},"end":{"line":106,"column":13}},"17":{"start":{"line":42,"column":16},"end":{"line":42,"column":49}},"18":{"start":{"line":43,"column":16},"end":{"line":43,"column":34}},"19":{"start":{"line":44,"column":16},"end":{"line":44,"column":34}},"20":{"start":{"line":45,"column":16},"end":{"line":45,"column":66}},"21":{"start":{"line":48,"column":16},"end":{"line":48,"column":45}},"22":{"start":{"line":49,"column":16},"end":{"line":49,"column":34}},"23":{"start":{"line":50,"column":16},"end":{"line":50,"column":98}},"24":{"start":{"line":51,"column":16},"end":{"line":51,"column":34}},"25":{"start":{"line":52,"column":16},"end":{"line":52,"column":45}},"26":{"start":{"line":55,"column":16},"end":{"line":55,"column":35}},"27":{"start":{"line":56,"column":16},"end":{"line":56,"column":88}},"28":{"start":{"line":59,"column":16},"end":{"line":59,"column":38}},"29":{"start":{"line":61,"column":16},"end":{"line":64,"column":17}},"30":{"start":{"line":62,"column":18},"end":{"line":62,"column":37}},"31":{"start":{"line":63,"column":18},"end":{"line":63,"column":24}},"32":{"start":{"line":66,"column":16},"end":{"line":66,"column":46}},"33":{"start":{"line":69,"column":16},"end":{"line":69,"column":35}},"34":{"start":{"line":70,"column":16},"end":{"line":70,"column":134}},"35":{"start":{"line":73,"column":16},"end":{"line":73,"column":39}},"36":{"start":{"line":74,"column":16},"end":{"line":74,"column":42}},"37":{"start":{"line":75,"column":16},"end":{"line":75,"column":45}},"38":{"start":{"line":76,"column":16},"end":{"line":76,"column":35}},"39":{"start":{"line":77,"column":16},"end":{"line":77,"column":103}},"40":{"start":{"line":80,"column":16},"end":{"line":80,"column":35}},"41":{"start":{"line":81,"column":16},"end":{"line":81,"column":35}},"42":{"start":{"line":84,"column":16},"end":{"line":84,"column":178}},"43":{"start":{"line":87,"column":16},"end":{"line":87,"column":35}},"44":{"start":{"line":88,"column":16},"end":{"line":88,"column":51}},"45":{"start":{"line":89,"column":16},"end":{"line":89,"column":35}},"46":{"start":{"line":90,"column":16},"end":{"line":90,"column":37}},"47":{"start":{"line":93,"column":16},"end":{"line":93,"column":34}},"48":{"start":{"line":96,"column":16},"end":{"line":96,"column":35}},"49":{"start":{"line":97,"column":16},"end":{"line":97,"column":35}},"50":{"start":{"line":98,"column":16},"end":{"line":98,"column":34}},"51":{"start":{"line":101,"column":16},"end":{"line":101,"column":43}},"52":{"start":{"line":105,"column":16},"end":{"line":105,"column":39}},"53":{"start":{"line":112,"column":8},"end":{"line":112,"column":48}},"54":{"start":{"line":115,"column":6},"end":{"line":115,"column":22}},"55":{"start":{"line":120,"column":21},"end":{"line":226,"column":9}},"56":{"start":{"line":125,"column":8},"end":{"line":225,"column":79}},"57":{"start":{"line":126,"column":10},"end":{"line":224,"column":11}},"58":{"start":{"line":127,"column":12},"end":{"line":223,"column":13}},"59":{"start":{"line":129,"column":16},"end":{"line":129,"column":49}},"60":{"start":{"line":130,"column":16},"end":{"line":130,"column":35}},"61":{"start":{"line":131,"column":16},"end":{"line":131,"column":35}},"62":{"start":{"line":132,"column":16},"end":{"line":132,"column":83}},"63":{"start":{"line":135,"column":16},"end":{"line":135,"column":39}},"64":{"start":{"line":137,"column":16},"end":{"line":140,"column":17}},"65":{"start":{"line":138,"column":18},"end":{"line":138,"column":38}},"66":{"start":{"line":139,"column":18},"end":{"line":139,"column":24}},"67":{"start":{"line":142,"column":16},"end":{"line":142,"column":35}},"68":{"start":{"line":143,"column":16},"end":{"line":143,"column":202}},"69":{"start":{"line":146,"column":16},"end":{"line":146,"column":39}},"70":{"start":{"line":147,"column":16},"end":{"line":147,"column":31}},"71":{"start":{"line":149,"column":16},"end":{"line":152,"column":17}},"72":{"start":{"line":150,"column":18},"end":{"line":150,"column":38}},"73":{"start":{"line":151,"column":18},"end":{"line":151,"column":24}},"74":{"start":{"line":154,"column":16},"end":{"line":154,"column":49}},"75":{"start":{"line":155,"column":16},"end":{"line":155,"column":42}},"76":{"start":{"line":156,"column":16},"end":{"line":156,"column":43}},"77":{"start":{"line":157,"column":16},"end":{"line":157,"column":36}},"78":{"start":{"line":159,"column":16},"end":{"line":162,"column":17}},"79":{"start":{"line":160,"column":18},"end":{"line":160,"column":37}},"80":{"start":{"line":161,"column":18},"end":{"line":161,"column":44}},"81":{"start":{"line":164,"column":16},"end":{"line":164,"column":36}},"82":{"start":{"line":165,"column":16},"end":{"line":165,"column":22}},"83":{"start":{"line":168,"column":16},"end":{"line":168,"column":36}},"84":{"start":{"line":169,"column":16},"end":{"line":169,"column":54}},"85":{"start":{"line":170,"column":16},"end":{"line":170,"column":41}},"86":{"start":{"line":171,"column":16},"end":{"line":171,"column":46}},"87":{"start":{"line":174,"column":16},"end":{"line":174,"column":36}},"88":{"start":{"line":175,"column":16},"end":{"line":175,"column":36}},"89":{"start":{"line":177,"column":16},"end":{"line":179,"column":17}},"90":{"start":{"line":178,"column":18},"end":{"line":178,"column":40}},"91":{"start":{"line":182,"column":16},"end":{"line":182,"column":36}},"92":{"start":{"line":184,"column":16},"end":{"line":187,"column":17}},"93":{"start":{"line":185,"column":18},"end":{"line":185,"column":38}},"94":{"start":{"line":186,"column":18},"end":{"line":186,"column":24}},"95":{"start":{"line":189,"column":16},"end":{"line":189,"column":37}},"96":{"start":{"line":192,"column":16},"end":{"line":192,"column":44}},"97":{"start":{"line":195,"column":16},"end":{"line":195,"column":44}},"98":{"start":{"line":198,"column":16},"end":{"line":198,"column":272}},"99":{"start":{"line":201,"column":16},"end":{"line":201,"column":61}},"100":{"start":{"line":204,"column":16},"end":{"line":204,"column":36}},"101":{"start":{"line":205,"column":16},"end":{"line":205,"column":22}},"102":{"start":{"line":208,"column":16},"end":{"line":208,"column":36}},"103":{"start":{"line":209,"column":16},"end":{"line":209,"column":53}},"104":{"start":{"line":210,"column":16},"end":{"line":210,"column":35}},"105":{"start":{"line":213,"column":16},"end":{"line":213,"column":36}},"106":{"start":{"line":214,"column":16},"end":{"line":214,"column":36}},"107":{"start":{"line":215,"column":16},"end":{"line":215,"column":34}},"108":{"start":{"line":218,"column":16},"end":{"line":218,"column":44}},"109":{"start":{"line":222,"column":16},"end":{"line":222,"column":40}},"110":{"start":{"line":229,"column":8},"end":{"line":229,"column":47}},"111":{"start":{"line":232,"column":6},"end":{"line":232,"column":21}},"112":{"start":{"line":237,"column":26},"end":{"line":343,"column":9}},"113":{"start":{"line":242,"column":8},"end":{"line":342,"column":79}},"114":{"start":{"line":243,"column":10},"end":{"line":341,"column":11}},"115":{"start":{"line":244,"column":12},"end":{"line":340,"column":13}},"116":{"start":{"line":246,"column":16},"end":{"line":246,"column":49}},"117":{"start":{"line":247,"column":16},"end":{"line":247,"column":35}},"118":{"start":{"line":248,"column":16},"end":{"line":248,"column":35}},"119":{"start":{"line":249,"column":16},"end":{"line":249,"column":137}},"120":{"start":{"line":252,"column":16},"end":{"line":252,"column":39}},"121":{"start":{"line":254,"column":16},"end":{"line":257,"column":17}},"122":{"start":{"line":255,"column":18},"end":{"line":255,"column":38}},"123":{"start":{"line":256,"column":18},"end":{"line":256,"column":24}},"124":{"start":{"line":259,"column":16},"end":{"line":259,"column":35}},"125":{"start":{"line":260,"column":16},"end":{"line":260,"column":202}},"126":{"start":{"line":263,"column":16},"end":{"line":263,"column":39}},"127":{"start":{"line":264,"column":16},"end":{"line":264,"column":31}},"128":{"start":{"line":266,"column":16},"end":{"line":269,"column":17}},"129":{"start":{"line":267,"column":18},"end":{"line":267,"column":38}},"130":{"start":{"line":268,"column":18},"end":{"line":268,"column":24}},"131":{"start":{"line":271,"column":16},"end":{"line":271,"column":50}},"132":{"start":{"line":272,"column":16},"end":{"line":272,"column":43}},"133":{"start":{"line":273,"column":16},"end":{"line":273,"column":44}},"134":{"start":{"line":274,"column":16},"end":{"line":274,"column":36}},"135":{"start":{"line":276,"column":16},"end":{"line":279,"column":17}},"136":{"start":{"line":277,"column":18},"end":{"line":277,"column":38}},"137":{"start":{"line":278,"column":18},"end":{"line":278,"column":44}},"138":{"start":{"line":281,"column":16},"end":{"line":281,"column":36}},"139":{"start":{"line":282,"column":16},"end":{"line":282,"column":22}},"140":{"start":{"line":285,"column":16},"end":{"line":285,"column":36}},"141":{"start":{"line":286,"column":16},"end":{"line":286,"column":54}},"142":{"start":{"line":287,"column":16},"end":{"line":287,"column":42}},"143":{"start":{"line":288,"column":16},"end":{"line":288,"column":47}},"144":{"start":{"line":291,"column":16},"end":{"line":291,"column":36}},"145":{"start":{"line":292,"column":16},"end":{"line":292,"column":36}},"146":{"start":{"line":294,"column":16},"end":{"line":296,"column":17}},"147":{"start":{"line":295,"column":18},"end":{"line":295,"column":41}},"148":{"start":{"line":299,"column":16},"end":{"line":299,"column":36}},"149":{"start":{"line":301,"column":16},"end":{"line":304,"column":17}},"150":{"start":{"line":302,"column":18},"end":{"line":302,"column":38}},"151":{"start":{"line":303,"column":18},"end":{"line":303,"column":24}},"152":{"start":{"line":306,"column":16},"end":{"line":306,"column":38}},"153":{"start":{"line":309,"column":16},"end":{"line":309,"column":44}},"154":{"start":{"line":312,"column":16},"end":{"line":312,"column":44}},"155":{"start":{"line":315,"column":16},"end":{"line":315,"column":200}},"156":{"start":{"line":318,"column":16},"end":{"line":318,"column":61}},"157":{"start":{"line":321,"column":16},"end":{"line":321,"column":36}},"158":{"start":{"line":322,"column":16},"end":{"line":322,"column":22}},"159":{"start":{"line":325,"column":16},"end":{"line":325,"column":36}},"160":{"start":{"line":326,"column":16},"end":{"line":326,"column":53}},"161":{"start":{"line":327,"column":16},"end":{"line":327,"column":35}},"162":{"start":{"line":330,"column":16},"end":{"line":330,"column":36}},"163":{"start":{"line":331,"column":16},"end":{"line":331,"column":36}},"164":{"start":{"line":332,"column":16},"end":{"line":332,"column":34}},"165":{"start":{"line":335,"column":16},"end":{"line":335,"column":44}},"166":{"start":{"line":339,"column":16},"end":{"line":339,"column":40}},"167":{"start":{"line":346,"column":8},"end":{"line":346,"column":52}},"168":{"start":{"line":349,"column":6},"end":{"line":349,"column":26}},"169":{"start":{"line":354,"column":24},"end":{"line":395,"column":9}},"170":{"start":{"line":358,"column":8},"end":{"line":394,"column":45}},"171":{"start":{"line":359,"column":10},"end":{"line":393,"column":11}},"172":{"start":{"line":360,"column":12},"end":{"line":392,"column":13}},"173":{"start":{"line":362,"column":16},"end":{"line":362,"column":49}},"174":{"start":{"line":363,"column":16},"end":{"line":363,"column":35}},"175":{"start":{"line":364,"column":16},"end":{"line":364,"column":35}},"176":{"start":{"line":365,"column":16},"end":{"line":365,"column":66}},"177":{"start":{"line":368,"column":16},"end":{"line":368,"column":46}},"178":{"start":{"line":369,"column":16},"end":{"line":369,"column":35}},"179":{"start":{"line":370,"column":16},"end":{"line":370,"column":352}},"180":{"start":{"line":373,"column":16},"end":{"line":373,"column":36}},"181":{"start":{"line":374,"column":16},"end":{"line":374,"column":22}},"182":{"start":{"line":377,"column":16},"end":{"line":377,"column":35}},"183":{"start":{"line":378,"column":16},"end":{"line":378,"column":53}},"184":{"start":{"line":379,"column":16},"end":{"line":379,"column":35}},"185":{"start":{"line":382,"column":16},"end":{"line":382,"column":36}},"186":{"start":{"line":383,"column":16},"end":{"line":383,"column":36}},"187":{"start":{"line":384,"column":16},"end":{"line":384,"column":34}},"188":{"start":{"line":387,"column":16},"end":{"line":387,"column":44}},"189":{"start":{"line":391,"column":16},"end":{"line":391,"column":40}},"190":{"start":{"line":398,"column":8},"end":{"line":398,"column":50}},"191":{"start":{"line":401,"column":6},"end":{"line":401,"column":24}},"192":{"start":{"line":406,"column":34},"end":{"line":447,"column":9}},"193":{"start":{"line":410,"column":8},"end":{"line":446,"column":45}},"194":{"start":{"line":411,"column":10},"end":{"line":445,"column":11}},"195":{"start":{"line":412,"column":12},"end":{"line":444,"column":13}},"196":{"start":{"line":414,"column":16},"end":{"line":414,"column":49}},"197":{"start":{"line":415,"column":16},"end":{"line":415,"column":35}},"198":{"start":{"line":416,"column":16},"end":{"line":416,"column":35}},"199":{"start":{"line":417,"column":16},"end":{"line":417,"column":66}},"200":{"start":{"line":420,"column":16},"end":{"line":420,"column":46}},"201":{"start":{"line":421,"column":16},"end":{"line":421,"column":35}},"202":{"start":{"line":422,"column":16},"end":{"line":422,"column":241}},"203":{"start":{"line":425,"column":16},"end":{"line":425,"column":36}},"204":{"start":{"line":426,"column":16},"end":{"line":426,"column":22}},"205":{"start":{"line":429,"column":16},"end":{"line":429,"column":35}},"206":{"start":{"line":430,"column":16},"end":{"line":430,"column":53}},"207":{"start":{"line":431,"column":16},"end":{"line":431,"column":35}},"208":{"start":{"line":434,"column":16},"end":{"line":434,"column":36}},"209":{"start":{"line":435,"column":16},"end":{"line":435,"column":36}},"210":{"start":{"line":436,"column":16},"end":{"line":436,"column":34}},"211":{"start":{"line":439,"column":16},"end":{"line":439,"column":44}},"212":{"start":{"line":443,"column":16},"end":{"line":443,"column":40}},"213":{"start":{"line":450,"column":8},"end":{"line":450,"column":60}},"214":{"start":{"line":453,"column":6},"end":{"line":453,"column":34}},"215":{"start":{"line":458,"column":30},"end":{"line":477,"column":9}},"216":{"start":{"line":461,"column":8},"end":{"line":476,"column":21}},"217":{"start":{"line":462,"column":10},"end":{"line":475,"column":11}},"218":{"start":{"line":463,"column":12},"end":{"line":474,"column":13}},"219":{"start":{"line":465,"column":16},"end":{"line":465,"column":35}},"220":{"start":{"line":466,"column":16},"end":{"line":466,"column":74}},"221":{"start":{"line":469,"column":16},"end":{"line":469,"column":66}},"222":{"start":{"line":473,"column":16},"end":{"line":473,"column":40}},"223":{"start":{"line":480,"column":8},"end":{"line":480,"column":56}},"224":{"start":{"line":483,"column":6},"end":{"line":483,"column":30}},"225":{"start":{"line":486,"column":2},"end":{"line":486,"column":21}},"226":{"start":{"line":489,"column":15},"end":{"line":489,"column":26}},"227":{"start":{"line":490,"column":0},"end":{"line":490,"column":30}}},"fnMap":{"0":{"name":"(anonymous_0)","decl":{"start":{"line":26,"column":0},"end":{"line":26,"column":1}},"loc":{"start":{"line":26,"column":12},"end":{"line":487,"column":1}},"line":26},"1":{"name":"UserService","decl":{"start":{"line":27,"column":11},"end":{"line":27,"column":22}},"loc":{"start":{"line":27,"column":25},"end":{"line":29,"column":3}},"line":27},"2":{"name":"(anonymous_2)","decl":{"start":{"line":33,"column":11},"end":{"line":33,"column":12}},"loc":{"start":{"line":33,"column":23},"end":{"line":116,"column":5}},"line":33},"3":{"name":"_callee","decl":{"start":{"line":36,"column":44},"end":{"line":36,"column":51}},"loc":{"start":{"line":36,"column":58},"end":{"line":109,"column":7}},"line":36},"4":{"name":"_callee$","decl":{"start":{"line":38,"column":53},"end":{"line":38,"column":61}},"loc":{"start":{"line":38,"column":72},"end":{"line":108,"column":9}},"line":38},"5":{"name":"register","decl":{"start":{"line":111,"column":15},"end":{"line":111,"column":23}},"loc":{"start":{"line":111,"column":28},"end":{"line":113,"column":7}},"line":111},"6":{"name":"(anonymous_6)","decl":{"start":{"line":119,"column":11},"end":{"line":119,"column":12}},"loc":{"start":{"line":119,"column":23},"end":{"line":233,"column":5}},"line":119},"7":{"name":"_callee2","decl":{"start":{"line":122,"column":44},"end":{"line":122,"column":52}},"loc":{"start":{"line":122,"column":60},"end":{"line":226,"column":7}},"line":122},"8":{"name":"_callee2$","decl":{"start":{"line":125,"column":53},"end":{"line":125,"column":62}},"loc":{"start":{"line":125,"column":74},"end":{"line":225,"column":9}},"line":125},"9":{"name":"getUser","decl":{"start":{"line":228,"column":15},"end":{"line":228,"column":22}},"loc":{"start":{"line":228,"column":28},"end":{"line":230,"column":7}},"line":228},"10":{"name":"(anonymous_10)","decl":{"start":{"line":236,"column":11},"end":{"line":236,"column":12}},"loc":{"start":{"line":236,"column":23},"end":{"line":350,"column":5}},"line":236},"11":{"name":"_callee3","decl":{"start":{"line":239,"column":44},"end":{"line":239,"column":52}},"loc":{"start":{"line":239,"column":66},"end":{"line":343,"column":7}},"line":239},"12":{"name":"_callee3$","decl":{"start":{"line":242,"column":53},"end":{"line":242,"column":62}},"loc":{"start":{"line":242,"column":74},"end":{"line":342,"column":9}},"line":242},"13":{"name":"getResetUser","decl":{"start":{"line":345,"column":15},"end":{"line":345,"column":27}},"loc":{"start":{"line":345,"column":38},"end":{"line":347,"column":7}},"line":345},"14":{"name":"(anonymous_14)","decl":{"start":{"line":353,"column":11},"end":{"line":353,"column":12}},"loc":{"start":{"line":353,"column":23},"end":{"line":402,"column":5}},"line":353},"15":{"name":"_callee4","decl":{"start":{"line":356,"column":44},"end":{"line":356,"column":52}},"loc":{"start":{"line":356,"column":59},"end":{"line":395,"column":7}},"line":356},"16":{"name":"_callee4$","decl":{"start":{"line":358,"column":53},"end":{"line":358,"column":62}},"loc":{"start":{"line":358,"column":74},"end":{"line":394,"column":9}},"line":358},"17":{"name":"updateUser","decl":{"start":{"line":397,"column":15},"end":{"line":397,"column":25}},"loc":{"start":{"line":397,"column":31},"end":{"line":399,"column":7}},"line":397},"18":{"name":"(anonymous_18)","decl":{"start":{"line":405,"column":11},"end":{"line":405,"column":12}},"loc":{"start":{"line":405,"column":23},"end":{"line":454,"column":5}},"line":405},"19":{"name":"_callee5","decl":{"start":{"line":408,"column":44},"end":{"line":408,"column":52}},"loc":{"start":{"line":408,"column":59},"end":{"line":447,"column":7}},"line":408},"20":{"name":"_callee5$","decl":{"start":{"line":410,"column":53},"end":{"line":410,"column":62}},"loc":{"start":{"line":410,"column":74},"end":{"line":446,"column":9}},"line":410},"21":{"name":"updateUserResetToken","decl":{"start":{"line":449,"column":15},"end":{"line":449,"column":35}},"loc":{"start":{"line":449,"column":41},"end":{"line":451,"column":7}},"line":449},"22":{"name":"(anonymous_22)","decl":{"start":{"line":457,"column":11},"end":{"line":457,"column":12}},"loc":{"start":{"line":457,"column":23},"end":{"line":484,"column":5}},"line":457},"23":{"name":"_callee6","decl":{"start":{"line":460,"column":44},"end":{"line":460,"column":52}},"loc":{"start":{"line":460,"column":77},"end":{"line":477,"column":7}},"line":460},"24":{"name":"_callee6$","decl":{"start":{"line":461,"column":53},"end":{"line":461,"column":62}},"loc":{"start":{"line":461,"column":74},"end":{"line":476,"column":9}},"line":461},"25":{"name":"validatePassword","decl":{"start":{"line":479,"column":15},"end":{"line":479,"column":31}},"loc":{"start":{"line":479,"column":42},"end":{"line":481,"column":7}},"line":479}},"branchMap":{"0":{"loc":{"start":{"line":40,"column":12},"end":{"line":106,"column":13}},"type":"switch","locations":[{"start":{"line":41,"column":14},"end":{"line":45,"column":66}},{"start":{"line":47,"column":14},"end":{"line":52,"column":45}},{"start":{"line":54,"column":14},"end":{"line":56,"column":88}},{"start":{"line":58,"column":14},"end":{"line":66,"column":46}},{"start":{"line":68,"column":14},"end":{"line":70,"column":134}},{"start":{"line":72,"column":14},"end":{"line":77,"column":103}},{"start":{"line":79,"column":14},"end":{"line":81,"column":35}},{"start":{"line":83,"column":14},"end":{"line":84,"column":178}},{"start":{"line":86,"column":14},"end":{"line":90,"column":37}},{"start":{"line":92,"column":14},"end":{"line":93,"column":34}},{"start":{"line":95,"column":14},"end":{"line":98,"column":34}},{"start":{"line":100,"column":14},"end":{"line":101,"column":43}},{"start":{"line":103,"column":14},"end":{"line":103,"column":22}},{"start":{"line":104,"column":14},"end":{"line":105,"column":39}}],"line":40},"1":{"loc":{"start":{"line":61,"column":16},"end":{"line":64,"column":17}},"type":"if","locations":[{"start":{"line":61,"column":16},"end":{"line":64,"column":17}},{"start":{"line":61,"column":16},"end":{"line":64,"column":17}}],"line":61},"2":{"loc":{"start":{"line":127,"column":12},"end":{"line":223,"column":13}},"type":"switch","locations":[{"start":{"line":128,"column":14},"end":{"line":132,"column":83}},{"start":{"line":134,"column":14},"end":{"line":143,"column":202}},{"start":{"line":145,"column":14},"end":{"line":165,"column":22}},{"start":{"line":167,"column":14},"end":{"line":171,"column":46}},{"start":{"line":173,"column":14},"end":{"line":179,"column":17}},{"start":{"line":181,"column":14},"end":{"line":189,"column":37}},{"start":{"line":191,"column":14},"end":{"line":192,"column":44}},{"start":{"line":194,"column":14},"end":{"line":195,"column":44}},{"start":{"line":197,"column":14},"end":{"line":198,"column":272}},{"start":{"line":200,"column":14},"end":{"line":201,"column":61}},{"start":{"line":203,"column":14},"end":{"line":205,"column":22}},{"start":{"line":207,"column":14},"end":{"line":210,"column":35}},{"start":{"line":212,"column":14},"end":{"line":215,"column":34}},{"start":{"line":217,"column":14},"end":{"line":218,"column":44}},{"start":{"line":220,"column":14},"end":{"line":220,"column":22}},{"start":{"line":221,"column":14},"end":{"line":222,"column":40}}],"line":127},"3":{"loc":{"start":{"line":137,"column":16},"end":{"line":140,"column":17}},"type":"if","locations":[{"start":{"line":137,"column":16},"end":{"line":140,"column":17}},{"start":{"line":137,"column":16},"end":{"line":140,"column":17}}],"line":137},"4":{"loc":{"start":{"line":149,"column":16},"end":{"line":152,"column":17}},"type":"if","locations":[{"start":{"line":149,"column":16},"end":{"line":152,"column":17}},{"start":{"line":149,"column":16},"end":{"line":152,"column":17}}],"line":149},"5":{"loc":{"start":{"line":177,"column":16},"end":{"line":179,"column":17}},"type":"if","locations":[{"start":{"line":177,"column":16},"end":{"line":179,"column":17}},{"start":{"line":177,"column":16},"end":{"line":179,"column":17}}],"line":177},"6":{"loc":{"start":{"line":177,"column":20},"end":{"line":177,"column":77}},"type":"binary-expr","locations":[{"start":{"line":177,"column":20},"end":{"line":177,"column":46}},{"start":{"line":177,"column":50},"end":{"line":177,"column":77}}],"line":177},"7":{"loc":{"start":{"line":184,"column":16},"end":{"line":187,"column":17}},"type":"if","locations":[{"start":{"line":184,"column":16},"end":{"line":187,"column":17}},{"start":{"line":184,"column":16},"end":{"line":187,"column":17}}],"line":184},"8":{"loc":{"start":{"line":244,"column":12},"end":{"line":340,"column":13}},"type":"switch","locations":[{"start":{"line":245,"column":14},"end":{"line":249,"column":137}},{"start":{"line":251,"column":14},"end":{"line":260,"column":202}},{"start":{"line":262,"column":14},"end":{"line":282,"column":22}},{"start":{"line":284,"column":14},"end":{"line":288,"column":47}},{"start":{"line":290,"column":14},"end":{"line":296,"column":17}},{"start":{"line":298,"column":14},"end":{"line":306,"column":38}},{"start":{"line":308,"column":14},"end":{"line":309,"column":44}},{"start":{"line":311,"column":14},"end":{"line":312,"column":44}},{"start":{"line":314,"column":14},"end":{"line":315,"column":200}},{"start":{"line":317,"column":14},"end":{"line":318,"column":61}},{"start":{"line":320,"column":14},"end":{"line":322,"column":22}},{"start":{"line":324,"column":14},"end":{"line":327,"column":35}},{"start":{"line":329,"column":14},"end":{"line":332,"column":34}},{"start":{"line":334,"column":14},"end":{"line":335,"column":44}},{"start":{"line":337,"column":14},"end":{"line":337,"column":22}},{"start":{"line":338,"column":14},"end":{"line":339,"column":40}}],"line":244},"9":{"loc":{"start":{"line":254,"column":16},"end":{"line":257,"column":17}},"type":"if","locations":[{"start":{"line":254,"column":16},"end":{"line":257,"column":17}},{"start":{"line":254,"column":16},"end":{"line":257,"column":17}}],"line":254},"10":{"loc":{"start":{"line":266,"column":16},"end":{"line":269,"column":17}},"type":"if","locations":[{"start":{"line":266,"column":16},"end":{"line":269,"column":17}},{"start":{"line":266,"column":16},"end":{"line":269,"column":17}}],"line":266},"11":{"loc":{"start":{"line":294,"column":16},"end":{"line":296,"column":17}},"type":"if","locations":[{"start":{"line":294,"column":16},"end":{"line":296,"column":17}},{"start":{"line":294,"column":16},"end":{"line":296,"column":17}}],"line":294},"12":{"loc":{"start":{"line":294,"column":20},"end":{"line":294,"column":79}},"type":"binary-expr","locations":[{"start":{"line":294,"column":20},"end":{"line":294,"column":47}},{"start":{"line":294,"column":51},"end":{"line":294,"column":79}}],"line":294},"13":{"loc":{"start":{"line":301,"column":16},"end":{"line":304,"column":17}},"type":"if","locations":[{"start":{"line":301,"column":16},"end":{"line":304,"column":17}},{"start":{"line":301,"column":16},"end":{"line":304,"column":17}}],"line":301},"14":{"loc":{"start":{"line":360,"column":12},"end":{"line":392,"column":13}},"type":"switch","locations":[{"start":{"line":361,"column":14},"end":{"line":365,"column":66}},{"start":{"line":367,"column":14},"end":{"line":370,"column":352}},{"start":{"line":372,"column":14},"end":{"line":374,"column":22}},{"start":{"line":376,"column":14},"end":{"line":379,"column":35}},{"start":{"line":381,"column":14},"end":{"line":384,"column":34}},{"start":{"line":386,"column":14},"end":{"line":387,"column":44}},{"start":{"line":389,"column":14},"end":{"line":389,"column":22}},{"start":{"line":390,"column":14},"end":{"line":391,"column":40}}],"line":360},"15":{"loc":{"start":{"line":412,"column":12},"end":{"line":444,"column":13}},"type":"switch","locations":[{"start":{"line":413,"column":14},"end":{"line":417,"column":66}},{"start":{"line":419,"column":14},"end":{"line":422,"column":241}},{"start":{"line":424,"column":14},"end":{"line":426,"column":22}},{"start":{"line":428,"column":14},"end":{"line":431,"column":35}},{"start":{"line":433,"column":14},"end":{"line":436,"column":34}},{"start":{"line":438,"column":14},"end":{"line":439,"column":44}},{"start":{"line":441,"column":14},"end":{"line":441,"column":22}},{"start":{"line":442,"column":14},"end":{"line":443,"column":40}}],"line":412},"16":{"loc":{"start":{"line":463,"column":12},"end":{"line":474,"column":13}},"type":"switch","locations":[{"start":{"line":464,"column":14},"end":{"line":466,"column":74}},{"start":{"line":468,"column":14},"end":{"line":469,"column":66}},{"start":{"line":471,"column":14},"end":{"line":471,"column":21}},{"start":{"line":472,"column":14},"end":{"line":473,"column":40}}],"line":463}},"s":{"0":1,"1":1,"2":1,"3":1,"4":1,"5":1,"6":1,"7":1,"8":1,"9":1,"10":1,"11":0,"12":1,"13":1,"14":2,"15":19,"16":20,"17":2,"18":2,"19":2,"20":2,"21":2,"22":2,"23":2,"24":2,"25":2,"26":2,"27":2,"28":2,"29":2,"30":1,"31":1,"32":1,"33":1,"34":1,"35":1,"36":1,"37":1,"38":1,"39":1,"40":1,"41":1,"42":1,"43":1,"44":1,"45":1,"46":1,"47":1,"48":2,"49":2,"50":2,"51":2,"52":2,"53":2,"54":1,"55":1,"56":42,"57":324,"58":404,"59":42,"60":42,"61":42,"62":42,"63":42,"64":42,"65":4,"66":4,"67":38,"68":38,"69":38,"70":38,"71":38,"72":0,"73":0,"74":38,"75":38,"76":38,"77":38,"78":38,"79":46,"80":46,"81":38,"82":38,"83":0,"84":0,"85":0,"86":0,"87":38,"88":38,"89":38,"90":0,"91":38,"92":38,"93":38,"94":38,"95":0,"96":38,"97":38,"98":38,"99":4,"100":0,"101":0,"102":0,"103":0,"104":0,"105":42,"106":42,"107":42,"108":42,"109":42,"110":42,"111":1,"112":1,"113":4,"114":26,"115":32,"116":4,"117":4,"118":4,"119":4,"120":4,"121":4,"122":2,"123":2,"124":2,"125":2,"126":2,"127":2,"128":2,"129":0,"130":0,"131":2,"132":2,"133":2,"134":2,"135":2,"136":2,"137":2,"138":2,"139":2,"140":0,"141":0,"142":0,"143":0,"144":2,"145":2,"146":2,"147":0,"148":2,"149":2,"150":2,"151":2,"152":0,"153":2,"154":2,"155":2,"156":2,"157":0,"158":0,"159":0,"160":0,"161":0,"162":4,"163":4,"164":4,"165":4,"166":4,"167":4,"168":1,"169":1,"170":4,"171":20,"172":24,"173":4,"174":4,"175":4,"176":4,"177":4,"178":4,"179":4,"180":4,"181":4,"182":0,"183":0,"184":0,"185":4,"186":4,"187":4,"188":4,"189":4,"190":4,"191":1,"192":1,"193":3,"194":15,"195":18,"196":3,"197":3,"198":3,"199":3,"200":3,"201":3,"202":3,"203":3,"204":3,"205":0,"206":0,"207":0,"208":3,"209":3,"210":3,"211":3,"212":3,"213":3,"214":1,"215":1,"216":20,"217":60,"218":60,"219":20,"220":20,"221":20,"222":20,"223":20,"224":1,"225":1,"226":1,"227":1},"f":{"0":1,"1":0,"2":1,"3":2,"4":19,"5":2,"6":1,"7":42,"8":324,"9":42,"10":1,"11":4,"12":26,"13":4,"14":1,"15":4,"16":20,"17":4,"18":1,"19":3,"20":15,"21":3,"22":1,"23":20,"24":60,"25":20},"b":{"0":[2,2,2,2,1,1,1,1,1,1,2,2,0,2],"1":[1,1],"2":[42,42,38,0,38,38,38,38,38,4,0,0,42,42,0,42],"3":[4,38],"4":[0,38],"5":[0,38],"6":[38,0],"7":[38,0],"8":[4,4,2,0,2,2,2,2,2,2,0,0,4,4,0,4],"9":[2,2],"10":[0,2],"11":[0,2],"12":[2,0],"13":[2,0],"14":[4,4,4,0,4,4,4,4],"15":[3,3,3,0,3,3,3,3],"16":[20,20,0,20]},"inputSourceMap":{"version":3,"sources":["UserService.js"],"names":["UserService","user","db","bcrypt","hash","password","passwordHash","date","Date","records","email","firstName","lastName","beginTransaction","query","users","length","result","id","insertId","roleRecords","commit","User","undefined","rollback","close","roles","userRoles","role","push","name","first_name","last_name","reset_password_token","reset_password_expires","updated","created","token","resetPasswordToken","resetPasswordExpires","compare"],"mappings":";;;;;;;;;;;;;;;;;AAAA;;AACA;;AACA;;IAEMA,W;;;;;;;;;;;;oDACkBC,I;;;;;;AACdC,gBAAAA,E,GAAK,2B;;;uBAEkBC,mBAAOC,IAAP,CAAYH,IAAI,CAACI,QAAjB,EAA2B,EAA3B,C;;;AAArBC,gBAAAA,Y;AACAC,gBAAAA,I,GAAO,IAAIC,IAAJ,E;AACPC,gBAAAA,O,GAAU,CACd,CAACR,IAAI,CAACS,KAAN,EAAaJ,YAAb,EAA2BL,IAAI,CAACU,SAAhC,EAA2CV,IAAI,CAACW,QAAhD,EAA0DL,IAA1D,EAAgEA,IAAhE,CADc,C;;uBAIVL,EAAE,CAACW,gBAAH,E;;;;uBACcX,EAAE,CAACY,KAAH,CAAS,wCAAT,EAAkD,CAACb,IAAI,CAACS,KAAN,CAAlD,C;;;AAAdK,gBAAAA,K;;sBACFA,KAAK,CAACC,MAAN,GAAe,C;;;;;sBACX,uB;;;;uBAGad,EAAE,CAACY,KAAH,CACnB,yFADmB,EAEjB,CAACL,OAAD,CAFiB,C;;;AAAfQ,gBAAAA,M;AAGNhB,gBAAAA,IAAI,CAACiB,EAAL,GAAUD,MAAM,CAACE,QAAjB;AAEMC,gBAAAA,W,GAAc,CAClB,CAACnB,IAAI,CAACiB,EAAN,EAAU,CAAV,CADkB,C;;uBAGdhB,EAAE,CAACY,KAAH,CACJ,sDADI,EAEF,CAACM,WAAD,CAFE,C;;;;uBAIAlB,EAAE,CAACmB,MAAH,E;;;iDACC,IAAIC,gBAAJ,CAASrB,IAAI,CAACiB,EAAd,EAAkBjB,IAAI,CAACS,KAAvB,EAA8Ba,SAA9B,EAAyCtB,IAAI,CAACU,SAA9C,EAAyDV,IAAI,CAACW,QAA9D,EAAwE,CAAC,MAAD,CAAxE,EAAkFW,SAAlF,EAA6FA,SAA7F,EAAwGhB,IAAxG,EAA8GA,IAA9G,C;;;;;;uBAEDL,EAAE,CAACsB,QAAH,E;;;;;;;;uBAGAtB,EAAE,CAACuB,KAAH,E;;;;;;;;;;;;;;;;;;;;;;;;qDAIWf,K;;;;;;;AACbR,gBAAAA,E,GAAK,2B;;;uBAEWA,EAAE,CAACY,KAAH,CAAS,wCAAT,EAAkD,CAACJ,KAAD,CAAlD,C;;;AAAdK,gBAAAA,K;;sBACFA,KAAK,CAACC,MAAN,GAAe,C;;;;;;uBAEGd,EAAE,CAACY,KAAH,CAClB,0CACA,oCADA,GAEA,gDAFA,GAGA,qBAJkB,EAIK,
[...]
{"start":{"line":53,"column":12},"end":{"line":56,"column":13}},{"start":{"line":53,"column":12},"end":{"line":56,"column":13}}],"line":53},"4":{"loc":{"start":{"line":53,"column":18},"end":{"line":53,"column":70}},"type":"binary-expr","locations":[{"start":{"line":53,"column":18},"end":{"line":53,"column":37}},{"start":{"line":53,"column":41},"end":{"line":53,"column":70}}],"line":53}},"s":{"0":1,"1":1,"2":1,"3":1,"4":1,"5":1,"6":1,"7":1,"8":1,"9":1,"10":1,"11":13,"12":32,"13":65,"14":13,"15":13,"16":13,"17":13,"18":13,"19":13,"20":13,"21":13,"22":13,"23":13,"24":13,"25":0,"26":13,"27":10,"28":10,"29":3,"30":10,"31":10,"32":10,"33":10,"34":10,"35":3,"36":3,"37":3,"38":3,"39":13,"40":1,"41":13,"42":1,"43":1},"f":{"0":1,"1":13,"2":32,"3":13},"b":{"0":[13,13,13,10,3,10,13],"1":[9,4],"2":[13,0],"3":[10,3],"4":[13,8]},"inputSourceMap":{"version":3,"sources":["auth.js"],"names":["util","Util","auth","req","res","next","errorMsg","token","header","replace","email","method","body","params","data","jwt","verify","process","env","JWT_KEY","UserService","getUser","user","roles","includes","setError","send"],"mappings":";;;;;;;;;;;;;AAAA;;AACA;;AACA;;AAEA,IAAMA,IAAI,GAAG,IAAIC,iBAAJ,EAAb;;AAEA,IAAMC,IAAI;AAAA;AAAA;AAAA;AAAA;AAAA,+BAAG,iBAAMC,GAAN,EAAWC,GAAX,EAAgBC,IAAhB;AAAA;AAAA;AAAA;AAAA;AAAA;AACHC,YAAAA,QADG,GACQ,yCADR;AAEHC,YAAAA,KAFG,GAEKJ,GAAG,CAACK,MAAJ,CAAW,eAAX,EAA4BC,OAA5B,CAAoC,SAApC,EAA+C,EAA/C,CAFL;AAGHC,YAAAA,KAHG,GAGKP,GAAG,CAACQ,MAAJ,KAAe,MAAf,GAAwBR,GAAG,CAACS,IAAJ,CAASF,KAAjC,GAAyCP,GAAG,CAACU,MAAJ,CAAWH,KAHzD;AAAA;AAKCI,YAAAA,IALD,GAKQC,yBAAIC,MAAJ,CAAWT,KAAX,EAAkBU,OAAO,CAACC,GAAR,CAAYC,OAA9B,CALR,EAML;;AANK;AAAA,mBAOcC,wBAAYC,OAAZ,CAAoBP,IAAI,CAACJ,KAAzB,CAPd;;AAAA;AAOCY,YAAAA,IAPD;;AAAA,gBAQAA,IARA;AAAA;AAAA;AAAA;;AAAA,kBASKhB,QATL;;AAAA;AAAA,kBAaDI,KAAK,IAAIY,IAAI,CAACZ,KAAd,IAAuB,CAACY,IAAI,CAACC,KAAL,CAAWC,QAAX,CAAoB,OAApB,CAbvB;AAAA;AAAA;AAAA;;AAAA,kBAcKlB,QAdL;;AAAA;AAiBLH,YAAAA,GAAG,CAACmB,IAAJ,GAAWA,IAAX;AACAnB,YAAAA,GAAG,CAACI,KAAJ,GAAYA,KAAZ;AACAF,YAAAA,IAAI;AAnBC;AAAA;;AAAA;AAAA;AAAA;AAqBLL,YAAAA,IAAI,CAACyB,QAAL,CAAc,GAAd;AArBK,6CAsBEzB,IAAI,CAAC0B,IAAL,CAAUtB,GAAV,CAtBF;;AAAA;AAAA;AAAA;AAAA;AAAA;AAAA;AAAA,GAAH;;AAAA,kBAAJF,IAAI;AAAA;AAAA;AAAA,GAAV;;eA0BeA,I","sourceRoot":"/Users/jamesha/dev/ambitiondesign/software/ambitiondesign/portal/server/src/util","sourcesContent":["import jwt from 'jsonwebtoken';\nimport UserService from '../services/UserService';\nimport Util from './Utils';\n\nconst util = new Util();\n\nconst auth = async(req, res, next) => {\n    const errorMsg = 'Not authorized to access this resource.';\n    const token = req.header('Authorization').replace('Bearer ', '');\n    const email = req.method === 'POST' ? req.body.email : req.params.email;\n    try {\n        const data = jwt.verify(token, process.env.JWT_KEY);\n        //current logged in user\n        const user = await UserService.getUser(data.email);\n        if (!user) {\n            throw errorMsg;\n        }\n        \n         //authorize\n        if (email != user.email && !user.roles.includes('admin')) {\n            throw errorMsg;\n        }\n        \n        req.user = user;\n        req.token = token;\n        next()\n    } catch (error) {\n        util.setError(403, error);\n        return util.send(res);\n    }\n}\n\nexport default auth;"]},"_coverageSchema":"1a1c01bbd47fc00a2c39e90264f33305004495a9","hash":"f86c3375f2d280c73b46a24d7d8822af4eeb1629","contentHash":"451c1c66e36da100c9a45bc8a900ab1aa4ae1cc7b4b8df2cf7a170de61373603"},"/Users/jamesha/dev/ambitiondesign/software/ambitiondesign/portal/server/src/routes/UserRoutes.js":{"path":"/Users/jamesha/dev/ambitiondesign/software/ambitiondesign/portal/server/src/routes/UserRoutes.js","statementMap":{"0":{"start":{"line":3,"column":29},"end":{"line":3,"column":84}},"1":{"start":{"line":5,"column":0},"end":{"line":7,"column":3}},"2":{"start":{"line":8,"column":0},"end":{"line":8,"column":28}},"3":{"start":{"line":10,"column":15},"end":{"line":10,"column":33}},"4":{"start":{"line":12,"column":22},"end":{"line":12,"column":86}},"5":{"start":{"line":14,"column":12},"end":{"line":14,"column":59}},"6":{"start":{"line":16,"column":13},"end":{"line":16,"column":35}},"7":{"start":{"line":22,"column":0},"end":{"line":22,"column":76}},"8":{"start":{"line":23,"column":0},"end":{"line":23,"column":74}},"9":{"start":{"line":24,"column":15},"end":{"line":24,"column":21}},"10":{"start":{"line":25,"column":0},"end":{"line":25,"column":30}}},"fnMap":{},"branchMap":{},"s":{"0":1,"1":1,"2":1,"3":1,"4":1,"5":1,"6":1,"7":1,"8":1,"9":1,"10":1},"f":{},"b":{},"inputSourceMap":{"version":3,"sources":["UserRoutes.js"],"names":["router","get","auth","UserController","getUser","post","updateUser"],"mappings":";;;;;;;;;AAAA;;AACA;;AACA;;AAEA,IAAMA,MAAM,GAAG,sBAAf,C,CAEA;AACA;AACA;AACA;AACA;;AACAA,MAAM,CAACC,GAAP,CAAW,SAAX,EAAsBC,gBAAtB,EAA4BC,2BAAeC,OAA3C;AACAJ,MAAM,CAACK,IAAP,CAAY,GAAZ,EAAiBH,gBAAjB,EAAuBC,2BAAeG,UAAtC;eAEeN,M","sourceRoot":"/Users/jamesha/dev/ambitiondesign/software/ambitiondesign/portal/server/src/routes","sourcesContent":["import { Router } from 'express';\nimport UserController from '../controllers/UserController';\nimport auth from '../util/auth';\n\nconst router = Router();\n\n// router.get('/username/:username', AudienceController.getAllAudiencesByUsername);\n// router.post('/', AudienceController.addAudience);\n// router.get('/:id', AudienceController.getAudience);\n// router.put('/:id', AudienceController.updateAudience);\n// router.delete('/:id', AudienceController.deleteAudience);\nrouter.get('/:email', auth, UserController.getUser);\nrouter.post('/', auth, UserController.updateUser);\n\nexport default router;"]},"_coverageSchema":"1a1c01bbd47fc00a2c39e90264f33305004495a9","hash":"1732b171a34108cbf88c0c528d26568dcd4306bb","contentHash":"f17931f3581435967cd11fbdd6dce325cef847a0144cb14fdbf4db4db34b2e99"},"/Users/jamesha/dev/ambitiondesign/software/ambitiondesign/portal/server/src/controllers/UserController.js":{"path":"/Users/jamesha/dev/ambitiondesign/software/ambitiondesign/portal/server/src/controllers/UserController.js","statementMap":{"0":{"start":{"line":3,"column":29},"end":{"line":3,"column":84}},"1":{"start":{"line":5,"column":0},"end":{"line":7,"column":3}},"2":{"start":{"line":8,"column":0},"end":{"line":8,"column":28}},"3":{"start":{"line":10,"column":19},"end":{"line":10,"column":80}},"4":{"start":{"line":12,"column":25},"end":{"line":12,"column":99}},"5":{"start":{"line":14,"column":23},"end":{"line":14,"column":95}},"6":{"start":{"line":16,"column":20},"end":{"line":16,"column":89}},"7":{"start":{"line":18,"column":20},"end":{"line":18,"column":67}},"8":{"start":{"line":20,"column":17},"end":{"line":20,"column":61}},"9":{"start":{"line":22,"column":19},"end":{"line":22,"column":77}},"10":{"start":{"line":24,"column":13},"end":{"line":24,"column":61}},"11":{"start":{"line":26,"column":11},"end":{"line":26,"column":34}},"12":{"start":{"line":30,"column":0},"end":{"line":165,"column":3}},"13":{"start":{"line":32,"column":4},"end":{"line":32,"column":59}},"14":{"start":{"line":35,"column":2},"end":{"line":163,"column":6}},"15":{"start":{"line":38,"column":21},"end":{"line":88,"column":9}},"16":{"start":{"line":42,"column":8},"end":{"line":87,"column":37}},"17":{"start":{"line":43,"column":10},"end":{"line":86,"column":11}},"18":{"start":{"line":44,"column":12},"end":{"line":85,"column":13}},"19":{"start":{"line":46,"column":16},"end":{"line":46,"column":41}},"20":{"start":{"line":48,"column":16},"end":{"line":51,"column":17}},"21":{"start":{"line":49,"column":18},"end":{"line":49,"column":36}},"22":{"start":{"line":50,"column":18},"end":{"line":50,"column":24}},"23":{"start":{"line":53,"column":16},"end":{"line":53,"column":65}},"24":{"start":{"line":54,"column":16},"end":{"line":54,"column":65}},"25":{"start":{"line":57,"column":16},"end":{"line":57,"column":34}},"26":{"start":{"line":58,"column":16},"end":{"line":58,"column":34}},"27":{"start":{"line":59,"column":16},"end":{"line":59,"column":62}},"28":{"start":{"line":62,"column":16},"end":{"line":62,"column":37}},"29":{"start":{"line":64,"column":16},"end":{"line":67,"column":17}},"30":{"start":{"line":65,"column":18},"end":{"line":65,"column":37}},"31":{"start":{"line":66,"column":18},"end":{"line":66,"column":24}},"32":{"start":{"line":69,"column":16},"end":{"line":69,"column":66}},"33":{"start":{"line":72,"column":16},"end":{"line":72,"column":42}},"34":{"start":{"line":73,"column":16},"end":{"line":73,"column":77}},"35":{"start":{"line":74,"column":16},"end":{"line":74,"column":65}},"36":{"start":{"line":77,"column":16},"end":{"line":77,"column":35}},"37":{"start":{"line":78,"column":16},"end":{"line":78,"column":51}},"38":{"start":{"line":79,"column":16},"end":{"line":79,"column":48}},"39":{"start":{"line":80,"column":16},"end":{"line":80,"column":65}},"40":{"start":{"line":84,"column":16},"end":{"line":84,"column":39}},"41":{"start":{"line":91,"column":8},"end":{"line":91,"column":47}},"42":{"start":{"line":94,"column":6},"end":{"line":94,"column":21}},"43":{"start":{"line":99,"column":24},"end":{"line":155,"column":9}},"44":{"start":{"line":104,"column":8},"end":{"line":154,"column":38}},"45":{"start":{"line":105,"column":10},"end":{"line":153,"column":11}},"46":{"start":{"line":106,"column":12},"end":{"line":152,"column":13}},"47":{"start":{"line":108,"column":16},"end":{"line":108,"column":126}},"48":{"start":{"line":110,"column":16},"end":{"line":113,"column":17}},"49":{"start":{"line":111,"column":18},"end":{"line":111,"column":37}},"50":{"start":{"line":112,"column":18},"end":{"line":112,"column":24}},"51":{"start":{"line":115,"column":16},"end":{"line":115,"column":65}},"52":{"start":{"line":116,"column":16},"end":{"line":116,"column":66}},"53":{"start":{"line":119,"column":16},"end":{"line":119,"column":35}},"54":{"start":{"line":120,"column":16},"end":{"line":120,"column":35}},"55":{"start":{"line":121,"column":16},"end":{"line":121,"column":62}},"56":{"start":{"line":124,"column":16},"end":{"line":124,"column":38}},"57":{"start":{"line":126,"column":16},"end":{"line":129,"column":17}},"58":{"start":{"line":127,"column":18},"end":{"line":127,"column":38}},"59":{"start":{"line":128,"column":18},"end":{"line":128,"column":24}},"60":{"start":{"line":131,"column":16},"end":{"line":131,"column":66}},"61":{"start":{"line":134,"column":16},"end":{"line":134,"column":43}},"62":{"start":{"line":135,"column":16},"end":{"line":135,"column":41}},"63":{"start":{"line":136,"column":16},"end":{"line":136,"column":36}},"64":{"start":{"line":137,"column":16},"end":{"line":137,"column":64}},"65":{"start":{"line":140,"column":16},"end":{"line":140,"column":70}},"66":{"start":{"line":141,"column":16},"end":{"line":141,"column":66}},"67":{"start":{"line":144,"column":16},"end":{"line":144,"column":36}},"68":{"start":{"line":145,"column":16},"end":{"line":145,"column":53}},"69":{"start":{"line":146,"column":16},"end":{"line":146,"column":49}},"70":{"start":{"line":147,"column":16},"end":{"line":147,"column":66}},"71":{"start":{"line":151,"column":16},"end":{"line":151,"column":40}},"72":{"start":{"line":158,"column":8},"end":{"line":158,"column":50}},"73":{"start":{"line":161,"column":6},"end":{"line":161,"column":24}},"74":{"start":{"line":164,"column":2},"end":{"line":164,"column":24}},"75":{"start":{"line":167,"column":15},"end":{"line":167,"column":29}},"76":{"start":{"line":168,"column":0},"end":{"line":168,"column":30}}},"fnMap":{"0":{"name":"(anonymous_0)","decl":{"start":{"line":30,"column":0},"end":{"line":30,"column":1}},"loc":{"start":{"line":30,"column":12},"end":{"line":165,"column":1}},"line":30},"1":{"name":"UserController","decl":{"start":{"line":31,"column":11},"end":{"line":31,"column":25}},"loc":{"start":{"line":31,"column":28},"end":{"line":33,"column":3}},"line":31},"2":{"name":"(anonymous_2)","decl":{"start":{"line":37,"column":11},"end":{"line":37,"column":12}},"loc":{"start":{"line":37,"column":23},"end":{"line":95,"column":5}},"line":37},"3":{"name":"_callee","decl":{"start":{"line":40,"column":44},"end":{"line":40,"column":51}},"loc":{"start":{"line":40,"column":62},"end":{"line":88,"column":7}},"line":40},"4":{"name":"_callee$","decl":{"start":{"line":42,"column":53},"end":{"line":42,"column":61}},"loc":{"start":{"line":42,"column":72},"end":{"line":87,"column":9}},"line":42},"5":{"name":"getUser","decl":{"start":{"line":90,"column":15},"end":{"line":90,"column":22}},"loc":{"start":{"line":90,"column":32},"end":{"line":92,"column":7}},"line":90},"6":{"name":"(anonymous_6)","decl":{"start":{"line":98,"column":11},"end":{"line":98,"column":12}},"loc":{"start":{"line":98,"column":23},"end":{"line":162,"column":5}},"line":98},"7":{"name":"_callee2","decl":{"start":{"line":101,"column":44},"end":{"line":101,"column":52}},"loc":{"start":{"line":101,"column":63},"end":{"line":155,"column":7}},"line":101},"8":{"name":"_callee2$","decl":{"start":{"line":104,"column":53},"end":{"line":104,"column":62}},"loc":{"start":{"line":104,"column":74},"end":{"line":154,"column":9}},"line":104},"9":{"name":"updateUser","decl":{"start":{"line":157,"column":15},"end":{"line":157,"column":25}},"loc":{"start":{"line":157,"column":36},"end":{"line":159,"column":7}},"line":157}},"branchMap":{"0":{"loc":{"start":{"line":44,"column":12},"end":{"line":85,"column":13}},"type":"switch","locations":[{"start":{"line":45,"column":14},"end":{"line":54,"column":65}},{"start":{"line":56,"column":14},"end":{"line":59,"column":62}},{"start":{"line":61,"column":14},"end":{"line":69,"column":66}},{"start":{"line":71,"column":14},"end":{"line":74,"column":65}},{"start":{"line":76,"column":14},"end":{"line":80,"column":65}},{"start":{"line":82,"column":14},"end":{"line":82,"column":22}},{"start":{"line":83,"column":14},"end":{"line":84,"column":39}}],"line":44},"1":{"loc":{"start":{"line":48,"column":16},"end":{"line":51,"column":17}},"type":"if","locations":[{"start":{"line":48,"column":16},"end":{"line":51,"column":17}},{"start":{"line":48,"column":16},"end":{"line":51,"column":17}}],"line":48},"2":{"loc":{"start":{"line":64,"column":16},"end":{"line":67,"column":17}},"type":"if","locations":[{"start":{"line":64,"column":16},"end":{"line":67,"column":17}},{"start":{"line":64,"column":16},"end":{"line":67,"column":17}}],"line":64},"3":{"loc":{"start":{"line":106,"column":12},"end":{"line":152,"column":13}},"type":"switch","locations":[{"start":{"line":107,"column":14},"end":{"line":116,"column":66}},{"start":{"line":118,"column":14},"end":{"line":121,"column":62}},{"start":{"line":123,"column":14},"end":{"line":131,"column":66}},{"start":{"line":133,"column":14},"end":{"line":137,"column":64}},{"start":{"line":139,"column":14},"end":{"line":141,"column":66}},{"start":{"line":143,"column":14},"end":{"line":147,"column":66}},{"start":{"line":149,"column":14},"end":{"line":149,"column":22}},{"start":{"line":150,"column":14},"end":{"line":151,"column":40}}],"line":106},"4":{"loc":{"start":{"line":110,"column":16},"end":{"line":113,"column":17}},"type":"if","locations":[{"start":{"line":110,"column":16},"end":{"line":113,"column":17}},{"start":{"line":110,"column":16},"end":{"line":113,"column":17}}],"line":110},"5":{"loc":{"start":{"line":110,"column":22},"end":{"line":110,"column":102}},"type":"binary-expr","locations":[{"start":{"line":110,"column":22},"end":{"line":110,"column":59}},{"start":{"line":110,"column":63},"end":{"line":110,"column":81}},{"start":{"line":110,"column":85},"end":{"line":110,"column":102}}],"line":110},"6":{"loc":{"start":{"line":126,"column":16},"end":{"line":129,"column":17}},"type":"if","locations":[{"start":{"line":126,"column":16},"end":{"line":129,"column":17}},{"start":{"line":126,"column":16},"end":{"line":129,"column":17}}],"line":126}},"s":{"0":1,"1":1,"2":1,"3":1,"4":1,"5":1,"6":1,"7":1,"8":1,"9":1,"10":1,"11":1,"12":1,"13":0,"14":1,"15":1,"16":3,"17":9,"18":12,"19":3,"20":3,"21":2,"22":2,"23":1,"24":1,"25":2,"26":2,"27":2,"28":2,"29":2,"30":1,"31":1,"32":1,"33":1,"34":1,"35":1,"36":1,"37":1,"38":1,"39":1,"40":3,"41":3,"42":1,"43":1,"44":3,"45":10,"46":13,"47":3,"48":3,"49":2,"50":2,"51":1,"52":1,"53":2,"54":2,"55":2,"56":2,"57":2,"58":1,"59":1,"60":1,"61":1,"62":1,"63":1,"64":1,"65":1,"66":1,"67":1,"68":1,"69":1,"70":1,"71":3,"72":3,"73":1,"74":1,"75":1,"76":1},"f":{"0":1,"1":0,"2":1,"3":3,"4":9,"5":3,"6":1,"7":3,"8":10,"9":3},"b":{"0":[3,2,2,1,1,0,3],"1":[2,1],"2":[1,1],"3":[3,2,2,1,1,1,0,3],"4":[2,1],"5":[3,2,2],"6":[1,1]},"inputSourceMap":{"version":3,"sources":["UserController.js"],"names":["util","Util","UserController","req","res","email","params","validator","isEmail","setError","send","UserService","getUser","user","password","undefined","setSuccess","body","firstName","lastName","String","updateUser"],"mappings":";;;;;;;;;;;;;;;;;AAAA;;AACA;;AACA;;AACA;;AAEA,IAAMA,IAAI,GAAG,IAAIC,iBAAJ,EAAb;;IAEMC,c;;;;;;;;;;;;oDACiBC,G,EAAKC,G;;;;;;AAChBC,gBAAAA,K,GAAUF,GAAG,CAACG,M,CAAdD,K;;oBACHE,sBAAUC,OAAV,CAAkBH,KAAlB,C;;;;;AACHL,gBAAAA,IAAI,CAACS,QAAL,CAAc,GAAd,EAAmB,4BAAnB;iDACOT,IAAI,CAACU,IAAL,CAAUN,GAAV,C;;;;;uBAIYO,wBAAYC,OAAZ,CAAoBP,KAApB,C;;;AAAbQ,gBAAAA,I;;oBACDA,I;;;;;sBACG,2C;;;AAERA,gBAAAA,IAAI,CAACC,QAAL,GAAgBC,SAAhB;AAEAf,gBAAAA,IAAI,CAACgB,UAAL,CAAgB,GAAhB,EAAqB,gCAArB,EAAuDH,IAAvD;iDACOb,IAAI,CAACU,IAAL,CAAUN,GAAV,C;;;;;AAEPJ,gBAAAA,IAAI,CAACS,QAAL,CAAc,GAAd;iDACOT,IAAI,CAACU,IAAL,CAAUN,GAAV,C;;;;;;;;;;;;;;;;;;;;;qDAIaD,G,EAAKC,G;;;;;;;4BACYD,GAAG,CAACc,I,EAAnCZ,K,aAAAA,K,EAAOa,S,aAAAA,S,EAAWC,Q,aAAAA,Q;;sBAErB,CAACZ,sBAAUC,OAAV,CAAkBH,KAAlB,CAAD,IAA6B,CAACe,MAAM,CAACF,SAAD,CAApC,IAAkD,CAACE,MAAM,CAACD,QAAD,C;;;;;AAC5DnB,gBAAAA,IAAI,CAACS,QAAL,CAAc,GAAd,EAAmB,4BAAnB;kDACOT,IAAI,CAACU,IAAL,CAAUN,GAAV,C;;;;;uBAGcO,wBAAYC,OAAZ,CAAoBP,KAApB,C;;;AAAbQ,gBAAAA,I;;oBACDA,I;;;;;sBACG,2C;;;AAERA,gBAAAA,IAAI,CAACK,SAAL,GAAiBA,SAAjB;AACAL,gBAAAA,IAAI,CAACM,QAAL,GAAgBA,QAAhB;;uBACMR,wBAAYU,UAAZ,CAAuBR,IAAvB,C;;;AACNb,gBAAAA,IAAI,CAACgB,UAAL,CAAgB,GAAhB,EAAqB,+BAArB;kDACOhB,IAAI,CAACU,IAAL,CAAUN,GAAV,C;;;;;AAETJ,gBAAAA,IAAI,CAACS,QAAL,CAAc,GAAd;kDACOT,IAAI,CAACU,IAAL,CAAUN,GAAV,C;;;;;;;;;;;;;;;;;;;;eAMEF,c","sourceRoot":"/Users/jamesha/dev/ambitiondesign/software/ambitiondesign/portal/server/src/controllers","sourcesContent":["import jwt from 'jsonwebtoken';\nimport validator from 'validator';\nimport UserService from '../services/UserService';\nimport Util from '../util/Utils';\n\nconst util = new Util();\n\nclass UserController {\n  static async getUser(req, res) {\n    const { email } = req.params;\n    if (!validator.isEmail(email)) {\n      util.setError(400, 'Please input a valid value');\n      return util.send(res);\n    }\n\n    try {\n      const user = await UserService.getUser(email);\n      if (!user) {\n        throw 'No account with that email has been found';\n      }\n      user.password = undefined;\n\n      util.setSuccess(200, 'User is successfully retrieved', user);\n      return util.send(res);\n    } catch (error) {\n      util.setError(400, error);\n      return util.send(res);\n    }\n  }\n\n  static async updateUser(req, res) {\n    const { email, firstName, lastName } = req.body;\n\n    if ( !validator.isEmail(email) || !String(firstName)|| !String(lastName)) {\n      util.setError(400, 'Please input a valid value');\n      return util.send(res);\n    }\n    try {\n        const user = await UserService.getUser(email);\n        if (!user) {\n          throw 'No account with that email has been found';\n        }\n        user.firstName = firstName;\n        user.lastName = lastName;\n        await UserService.updateUser(user);\n        util.setSuccess(200, 'User is successfully updated.');\n        return util.send(res);\n    } catch (error) {\n      util.setError(400, error);\n      return util.send(res);\n    }\n    \n  }\n}\n\nexport default UserController;\n"]},"_coverageSchema":"1a1c01bbd47fc00a2c39e90264f33305004495a9","hash":"c6cd9a6ce3c571d13a770f9b0e3e2eb103b877ec","contentHash":"6472fa0610949985ccae0c1599299b0279e17aaa71f36c886c14993950ee644f"}}